<?xml version="1.0" encoding="UTF-8"?>
<!-- Generated by org.testng.reporters.JUnitXMLReporter -->
<testsuite ignored="0" hostname="Shraddha-PC" failures="1" tests="1" name="SeleniumJavaPrograms" time="0.108" errors="0" timestamp="19 Feb 2022 05:13:58 GMT">
  <testcase classname="com.jsp.tests.simplepingtest" name="pingtest" time="0.034">
    <failure type="java.lang.NullPointerException" message="Cannot invoke &amp;quot;com.aventstack.extentreports.ExtentReports.createTest(String)&amp;quot; because &amp;quot;com.jsp.reports.ExtentReport.extent&amp;quot; is null">
      <![CDATA[java.lang.NullPointerException: Cannot invoke "com.aventstack.extentreports.ExtentReports.createTest(String)" because "com.jsp.reports.ExtentReport.extent" is null
at com.jsp.reports.ExtentReport.createTest(ExtentReport.java:73)
at com.jsp.tests.simplepingtest.pingtest(simplepingtest.java:19)
... Removed 25 stack frames]]>
    </failure>
  </testcase> <!-- pingtest -->
</testsuite> <!-- SeleniumJavaPrograms -->
