<?xml version="1.0" encoding="UTF-8"?>
<!-- Generated by org.testng.reporters.JUnitReportReporter -->
<testsuite hostname="Shraddha-PC" failures="0" tests="1" name="com.jsp.tests.HeadlessBrowsingChrome" time="3.022" errors="1" timestamp="25 Jun 2022 19:14:18 GMT" skipped="0">
  <testcase classname="com.jsp.tests.HeadlessBrowsingChrome" name="chromeHeadlessBrowsing2" time="3.022">
    <error message="session not created: This version of ChromeDriver only supports Chrome version 98
Current browser version is 102.0.5005.115 with binary path C:\Program Files (x86)\Google\Chrome\Application\chrome.exe
Build info: version: &#039;3.141.59&#039;, revision: &#039;e82be7d358&#039;, time: &#039;2018-11-14T08:17:03&#039;
System info: host: &#039;SHRADDHA-PC&#039;, ip: &#039;192.168.29.116&#039;, os.name: &#039;Windows 7&#039;, os.arch: &#039;amd64&#039;, os.version: &#039;6.1&#039;, java.version: &#039;15.0.1&#039;
Driver info: driver.version: ChromeDriver
remote stacktrace: Backtrace:
	Ordinal0 [0x0042A0A3+2597027]
	Ordinal0 [0x003BBA61+2144865]
	Ordinal0 [0x002B3C58+1064024]
	Ordinal0 [0x002D3708+1193736]
	Ordinal0 [0x002CF585+1176965]
	Ordinal0 [0x002CCD41+1166657]
	Ordinal0 [0x002FD23F+1364543]
	Ordinal0 [0x002FCE6A+1363562]
	Ordinal0 [0x002F85C6+1344966]
	Ordinal0 [0x002D54C6+1201350]
	Ordinal0 [0x002D63B6+1205174]
	GetHandleVerifier [0x005D10A2+1681842]
	GetHandleVerifier [0x00683B0C+2413596]
	GetHandleVerifier [0x004C1221+568113]
	GetHandleVerifier [0x004BFFA3+563379]
	Ordinal0 [0x003C174E+2168654]
	Ordinal0 [0x003C6538+2188600]
	Ordinal0 [0x003C6680+2188928]
	Ordinal0 [0x003D030C+2229004]
	BaseThreadInitThunk [0x7674343D+18]
	RtlInitializeExceptionChain [0x77E29812+99]
	RtlInitializeExceptionChain [0x77E297E5+54]
" type="org.openqa.selenium.SessionNotCreatedException">
      <![CDATA[org.openqa.selenium.SessionNotCreatedException: session not created: This version of ChromeDriver only supports Chrome version 98
Current browser version is 102.0.5005.115 with binary path C:\Program Files (x86)\Google\Chrome\Application\chrome.exe
Build info: version: '3.141.59', revision: 'e82be7d358', time: '2018-11-14T08:17:03'
System info: host: 'SHRADDHA-PC', ip: '192.168.29.116', os.name: 'Windows 7', os.arch: 'amd64', os.version: '6.1', java.version: '15.0.1'
Driver info: driver.version: ChromeDriver
remote stacktrace: Backtrace:
Ordinal0 [0x0042A0A3+2597027]
Ordinal0 [0x003BBA61+2144865]
Ordinal0 [0x002B3C58+1064024]
Ordinal0 [0x002D3708+1193736]
Ordinal0 [0x002CF585+1176965]
Ordinal0 [0x002CCD41+1166657]
Ordinal0 [0x002FD23F+1364543]
Ordinal0 [0x002FCE6A+1363562]
Ordinal0 [0x002F85C6+1344966]
Ordinal0 [0x002D54C6+1201350]
Ordinal0 [0x002D63B6+1205174]
GetHandleVerifier [0x005D10A2+1681842]
GetHandleVerifier [0x00683B0C+2413596]
GetHandleVerifier [0x004C1221+568113]
GetHandleVerifier [0x004BFFA3+563379]
Ordinal0 [0x003C174E+2168654]
Ordinal0 [0x003C6538+2188600]
Ordinal0 [0x003C6680+2188928]
Ordinal0 [0x003D030C+2229004]
BaseThreadInitThunk [0x7674343D+18]
RtlInitializeExceptionChain [0x77E29812+99]
RtlInitializeExceptionChain [0x77E297E5+54]

at java.base/jdk.internal.reflect.NativeConstructorAccessorImpl.newInstance0(Native Method)
at java.base/jdk.internal.reflect.NativeConstructorAccessorImpl.newInstance(NativeConstructorAccessorImpl.java:64)
at java.base/jdk.internal.reflect.DelegatingConstructorAccessorImpl.newInstance(DelegatingConstructorAccessorImpl.java:45)
at java.base/java.lang.reflect.Constructor.newInstanceWithCaller(Constructor.java:500)
at java.base/java.lang.reflect.Constructor.newInstance(Constructor.java:481)
at org.openqa.selenium.remote.W3CHandshakeResponse.lambda$errorHandler$0(W3CHandshakeResponse.java:62)
at org.openqa.selenium.remote.HandshakeResponse.lambda$getResponseFunction$0(HandshakeResponse.java:30)
at org.openqa.selenium.remote.ProtocolHandshake.lambda$createSession$0(ProtocolHandshake.java:126)
at java.base/java.util.stream.ReferencePipeline$3$1.accept(ReferencePipeline.java:195)
at java.base/java.util.Spliterators$ArraySpliterator.tryAdvance(Spliterators.java:958)
at java.base/java.util.stream.ReferencePipeline.forEachWithCancel(ReferencePipeline.java:127)
at java.base/java.util.stream.AbstractPipeline.copyIntoWithCancel(AbstractPipeline.java:502)
at java.base/java.util.stream.AbstractPipeline.copyInto(AbstractPipeline.java:488)
at java.base/java.util.stream.AbstractPipeline.wrapAndCopyInto(AbstractPipeline.java:474)
at java.base/java.util.stream.FindOps$FindOp.evaluateSequential(FindOps.java:150)
at java.base/java.util.stream.AbstractPipeline.evaluate(AbstractPipeline.java:234)
at java.base/java.util.stream.ReferencePipeline.findFirst(ReferencePipeline.java:543)
at org.openqa.selenium.remote.ProtocolHandshake.createSession(ProtocolHandshake.java:128)
at org.openqa.selenium.remote.ProtocolHandshake.createSession(ProtocolHandshake.java:74)
at org.openqa.selenium.remote.HttpCommandExecutor.execute(HttpCommandExecutor.java:136)
at org.openqa.selenium.remote.service.DriverCommandExecutor.execute(DriverCommandExecutor.java:83)
at org.openqa.selenium.remote.RemoteWebDriver.execute(RemoteWebDriver.java:552)
at org.openqa.selenium.remote.RemoteWebDriver.startSession(RemoteWebDriver.java:213)
at org.openqa.selenium.remote.RemoteWebDriver.<init>(RemoteWebDriver.java:131)
at org.openqa.selenium.chrome.ChromeDriver.<init>(ChromeDriver.java:181)
at org.openqa.selenium.chrome.ChromeDriver.<init>(ChromeDriver.java:168)
at org.openqa.selenium.chrome.ChromeDriver.<init>(ChromeDriver.java:157)
at com.jsp.tests.HeadlessBrowsingChrome.chromeHeadlessBrowsing2(HeadlessBrowsingChrome.java:44)
at java.base/jdk.internal.reflect.NativeMethodAccessorImpl.invoke0(Native Method)
at java.base/jdk.internal.reflect.NativeMethodAccessorImpl.invoke(NativeMethodAccessorImpl.java:64)
at java.base/jdk.internal.reflect.DelegatingMethodAccessorImpl.invoke(DelegatingMethodAccessorImpl.java:43)
at java.base/java.lang.reflect.Method.invoke(Method.java:564)
at org.testng.internal.MethodInvocationHelper.invokeMethod(MethodInvocationHelper.java:124)
at org.testng.internal.Invoker.invokeMethod(Invoker.java:583)
at org.testng.internal.Invoker.invokeTestMethod(Invoker.java:719)
at org.testng.internal.Invoker.invokeTestMethods(Invoker.java:989)
at org.testng.internal.TestMethodWorker.invokeTestMethods(TestMethodWorker.java:125)
at org.testng.internal.TestMethodWorker.run(TestMethodWorker.java:109)
at java.base/java.util.concurrent.ThreadPoolExecutor.runWorker(ThreadPoolExecutor.java:1130)
at java.base/java.util.concurrent.ThreadPoolExecutor$Worker.run(ThreadPoolExecutor.java:630)
at java.base/java.lang.Thread.run(Thread.java:832)
]]>
    </error>
  </testcase> <!-- chromeHeadlessBrowsing2 -->
</testsuite> <!-- com.jsp.tests.HeadlessBrowsingChrome -->
