<?xml version="1.0" encoding="UTF-8"?>
<testng-results ignored="106" total="178" passed="49" failed="19" skipped="4">
  <reporter-output>
  </reporter-output>
  <suite started-at="2022-06-25T18:53:37Z" name="Suite" finished-at="2022-06-25T19:14:10Z" duration-ms="1232670">
    <groups>
      <group name="GET">
        <method signature="TC001_GET_All_Emps.checkResponseBody()[pri:0, instance:com.jsp.tests.TC001_GET_All_Emps@6a47b187]" name="checkResponseBody" class="com.jsp.tests.TC001_GET_All_Emps"/>
      </group> <!-- GET -->
    </groups>
    <test started-at="2022-06-25T18:53:37Z" name="Test" finished-at="2022-06-25T19:14:10Z" duration-ms="1232670">
      <class name="com.jsp.tests.MousehoverDemo">
        <test-method is-config="true" signature="setUp()[pri:0, instance:com.jsp.tests.MousehoverDemo@4167d97b]" started-at="2022-06-25T19:06:12Z" name="setUp" finished-at="2022-06-25T19:06:23Z" duration-ms="10764" status="PASS">
          <reporter-output>
          </reporter-output>
        </test-method> <!-- setUp -->
        <test-method signature="verifyMousehoverDemo()[pri:0, instance:com.jsp.tests.MousehoverDemo@4167d97b]" started-at="2022-06-25T19:06:23Z" name="verifyMousehoverDemo" finished-at="2022-06-25T19:06:26Z" duration-ms="3096" status="FAIL">
          <exception class="org.openqa.selenium.NoSuchElementException">
            <message>
              <![CDATA[no such element: Unable to locate element: {"method":"css selector","selector":"#user_pass"}
  (Session info: chrome=102.0.5005.115)
For documentation on this error, please visit: https://www.seleniumhq.org/exceptions/no_such_element.html
Build info: version: '3.141.59', revision: 'e82be7d358', time: '2018-11-14T08:17:03'
System info: host: 'SHRADDHA-PC', ip: '192.168.29.116', os.name: 'Windows 7', os.arch: 'amd64', os.version: '6.1', java.version: '15.0.1'
Driver info: org.openqa.selenium.chrome.ChromeDriver
Capabilities {acceptInsecureCerts: false, browserName: chrome, browserVersion: 102.0.5005.115, chrome: {chromedriverVersion: 102.0.5005.61 (0e59bcc00cc4..., userDataDir: C:\Users\SHRADD~1\AppData\L...}, goog:chromeOptions: {debuggerAddress: localhost:53211}, javascriptEnabled: true, networkConnectionEnabled: false, pageLoadStrategy: normal, platform: WINDOWS, platformName: WINDOWS, proxy: Proxy(), setWindowRect: true, strictFileInteractability: false, timeouts: {implicit: 0, pageLoad: 300000, script: 30000}, unhandledPromptBehavior: dismiss and notify, webauthn:extension:credBlob: true, webauthn:extension:largeBlob: true, webauthn:virtualAuthenticators: true}
Session ID: e6b70efc4a05d98072d77ca458117a25
*** Element info: {Using=id, value=user_pass}]]>
            </message>
            <full-stacktrace>
              <![CDATA[org.openqa.selenium.NoSuchElementException: no such element: Unable to locate element: {"method":"css selector","selector":"#user_pass"}
  (Session info: chrome=102.0.5005.115)
For documentation on this error, please visit: https://www.seleniumhq.org/exceptions/no_such_element.html
Build info: version: '3.141.59', revision: 'e82be7d358', time: '2018-11-14T08:17:03'
System info: host: 'SHRADDHA-PC', ip: '192.168.29.116', os.name: 'Windows 7', os.arch: 'amd64', os.version: '6.1', java.version: '15.0.1'
Driver info: org.openqa.selenium.chrome.ChromeDriver
Capabilities {acceptInsecureCerts: false, browserName: chrome, browserVersion: 102.0.5005.115, chrome: {chromedriverVersion: 102.0.5005.61 (0e59bcc00cc4..., userDataDir: C:\Users\SHRADD~1\AppData\L...}, goog:chromeOptions: {debuggerAddress: localhost:53211}, javascriptEnabled: true, networkConnectionEnabled: false, pageLoadStrategy: normal, platform: WINDOWS, platformName: WINDOWS, proxy: Proxy(), setWindowRect: true, strictFileInteractability: false, timeouts: {implicit: 0, pageLoad: 300000, script: 30000}, unhandledPromptBehavior: dismiss and notify, webauthn:extension:credBlob: true, webauthn:extension:largeBlob: true, webauthn:virtualAuthenticators: true}
Session ID: e6b70efc4a05d98072d77ca458117a25
*** Element info: {Using=id, value=user_pass}
at java.base/jdk.internal.reflect.NativeConstructorAccessorImpl.newInstance0(Native Method)
at java.base/jdk.internal.reflect.NativeConstructorAccessorImpl.newInstance(NativeConstructorAccessorImpl.java:64)
at java.base/jdk.internal.reflect.DelegatingConstructorAccessorImpl.newInstance(DelegatingConstructorAccessorImpl.java:45)
at java.base/java.lang.reflect.Constructor.newInstanceWithCaller(Constructor.java:500)
at java.base/java.lang.reflect.Constructor.newInstance(Constructor.java:481)
at org.openqa.selenium.remote.http.W3CHttpResponseCodec.createException(W3CHttpResponseCodec.java:187)
at org.openqa.selenium.remote.http.W3CHttpResponseCodec.decode(W3CHttpResponseCodec.java:122)
at org.openqa.selenium.remote.http.W3CHttpResponseCodec.decode(W3CHttpResponseCodec.java:49)
at org.openqa.selenium.remote.HttpCommandExecutor.execute(HttpCommandExecutor.java:158)
at org.openqa.selenium.remote.service.DriverCommandExecutor.execute(DriverCommandExecutor.java:83)
at org.openqa.selenium.remote.RemoteWebDriver.execute(RemoteWebDriver.java:552)
at org.openqa.selenium.remote.RemoteWebDriver.findElement(RemoteWebDriver.java:323)
at org.openqa.selenium.remote.RemoteWebDriver.findElementById(RemoteWebDriver.java:372)
at org.openqa.selenium.By$ById.findElement(By.java:188)
at org.openqa.selenium.remote.RemoteWebDriver.findElement(RemoteWebDriver.java:315)
at com.jsp.tests.MousehoverDemo.verifyMousehoverDemo(MousehoverDemo.java:26)
at java.base/jdk.internal.reflect.NativeMethodAccessorImpl.invoke0(Native Method)
at java.base/jdk.internal.reflect.NativeMethodAccessorImpl.invoke(NativeMethodAccessorImpl.java:64)
at java.base/jdk.internal.reflect.DelegatingMethodAccessorImpl.invoke(DelegatingMethodAccessorImpl.java:43)
at java.base/java.lang.reflect.Method.invoke(Method.java:564)
at org.testng.internal.MethodInvocationHelper.invokeMethod(MethodInvocationHelper.java:124)
at org.testng.internal.Invoker.invokeMethod(Invoker.java:583)
at org.testng.internal.Invoker.invokeTestMethod(Invoker.java:719)
at org.testng.internal.Invoker.invokeTestMethods(Invoker.java:989)
at org.testng.internal.TestMethodWorker.invokeTestMethods(TestMethodWorker.java:125)
at org.testng.internal.TestMethodWorker.run(TestMethodWorker.java:109)
at java.base/java.util.concurrent.ThreadPoolExecutor.runWorker(ThreadPoolExecutor.java:1130)
at java.base/java.util.concurrent.ThreadPoolExecutor$Worker.run(ThreadPoolExecutor.java:630)
at java.base/java.lang.Thread.run(Thread.java:832)
]]>
            </full-stacktrace>
          </exception> <!-- org.openqa.selenium.NoSuchElementException -->
          <reporter-output>
          </reporter-output>
        </test-method> <!-- verifyMousehoverDemo -->
        <test-method is-config="true" signature="tearDown(org.testng.ITestResult)[pri:0, instance:com.jsp.tests.MousehoverDemo@4167d97b]" started-at="2022-06-25T19:06:26Z" name="tearDown" finished-at="2022-06-25T19:06:28Z" duration-ms="1876" status="PASS">
          <params>
            <param index="0">
              <value>
                <![CDATA[[TestResult name=verifyMousehoverDemo status=FAILURE method=MousehoverDemo.verifyMousehoverDemo()[pri:0, instance:com.jsp.tests.MousehoverDemo@4167d97b] output={null}]]]>
              </value>
            </param>
          </params>
          <reporter-output>
          </reporter-output>
        </test-method> <!-- tearDown -->
      </class> <!-- com.jsp.tests.MousehoverDemo -->
      <class name="com.jsp.tests.DoubleAndRightClick">
        <test-method is-config="true" signature="setUp()[pri:0, instance:com.jsp.tests.DoubleAndRightClick@a307a8c]" started-at="2022-06-25T19:00:58Z" name="setUp" finished-at="2022-06-25T19:01:02Z" duration-ms="4219" status="PASS">
          <reporter-output>
          </reporter-output>
        </test-method> <!-- setUp -->
        <test-method signature="verifyDoubleAndRightClick()[pri:0, instance:com.jsp.tests.DoubleAndRightClick@a307a8c]" started-at="2022-06-25T19:01:02Z" name="verifyDoubleAndRightClick" finished-at="2022-06-25T19:01:37Z" duration-ms="35549" status="FAIL">
          <exception class="org.openqa.selenium.NoAlertPresentException">
            <message>
              <![CDATA[no such alert
  (Session info: chrome=102.0.5005.115)
Build info: version: '3.141.59', revision: 'e82be7d358', time: '2018-11-14T08:17:03'
System info: host: 'SHRADDHA-PC', ip: '192.168.29.116', os.name: 'Windows 7', os.arch: 'amd64', os.version: '6.1', java.version: '15.0.1'
Driver info: org.openqa.selenium.chrome.ChromeDriver
Capabilities {acceptInsecureCerts: false, browserName: chrome, browserVersion: 102.0.5005.115, chrome: {chromedriverVersion: 102.0.5005.61 (0e59bcc00cc4..., userDataDir: C:\Users\SHRADD~1\AppData\L...}, goog:chromeOptions: {debuggerAddress: localhost:51808}, javascriptEnabled: true, networkConnectionEnabled: false, pageLoadStrategy: normal, platform: WINDOWS, platformName: WINDOWS, proxy: Proxy(), setWindowRect: true, strictFileInteractability: false, timeouts: {implicit: 0, pageLoad: 300000, script: 30000}, unhandledPromptBehavior: dismiss and notify, webauthn:extension:credBlob: true, webauthn:extension:largeBlob: true, webauthn:virtualAuthenticators: true}
Session ID: 7f93554513e7419c26aab351ce9a93f1]]>
            </message>
            <full-stacktrace>
              <![CDATA[org.openqa.selenium.NoAlertPresentException: no such alert
  (Session info: chrome=102.0.5005.115)
Build info: version: '3.141.59', revision: 'e82be7d358', time: '2018-11-14T08:17:03'
System info: host: 'SHRADDHA-PC', ip: '192.168.29.116', os.name: 'Windows 7', os.arch: 'amd64', os.version: '6.1', java.version: '15.0.1'
Driver info: org.openqa.selenium.chrome.ChromeDriver
Capabilities {acceptInsecureCerts: false, browserName: chrome, browserVersion: 102.0.5005.115, chrome: {chromedriverVersion: 102.0.5005.61 (0e59bcc00cc4..., userDataDir: C:\Users\SHRADD~1\AppData\L...}, goog:chromeOptions: {debuggerAddress: localhost:51808}, javascriptEnabled: true, networkConnectionEnabled: false, pageLoadStrategy: normal, platform: WINDOWS, platformName: WINDOWS, proxy: Proxy(), setWindowRect: true, strictFileInteractability: false, timeouts: {implicit: 0, pageLoad: 300000, script: 30000}, unhandledPromptBehavior: dismiss and notify, webauthn:extension:credBlob: true, webauthn:extension:largeBlob: true, webauthn:virtualAuthenticators: true}
Session ID: 7f93554513e7419c26aab351ce9a93f1
at java.base/jdk.internal.reflect.NativeConstructorAccessorImpl.newInstance0(Native Method)
at java.base/jdk.internal.reflect.NativeConstructorAccessorImpl.newInstance(NativeConstructorAccessorImpl.java:64)
at java.base/jdk.internal.reflect.DelegatingConstructorAccessorImpl.newInstance(DelegatingConstructorAccessorImpl.java:45)
at java.base/java.lang.reflect.Constructor.newInstanceWithCaller(Constructor.java:500)
at java.base/java.lang.reflect.Constructor.newInstance(Constructor.java:481)
at org.openqa.selenium.remote.http.W3CHttpResponseCodec.createException(W3CHttpResponseCodec.java:187)
at org.openqa.selenium.remote.http.W3CHttpResponseCodec.decode(W3CHttpResponseCodec.java:122)
at org.openqa.selenium.remote.http.W3CHttpResponseCodec.decode(W3CHttpResponseCodec.java:49)
at org.openqa.selenium.remote.HttpCommandExecutor.execute(HttpCommandExecutor.java:158)
at org.openqa.selenium.remote.service.DriverCommandExecutor.execute(DriverCommandExecutor.java:83)
at org.openqa.selenium.remote.RemoteWebDriver.execute(RemoteWebDriver.java:552)
at org.openqa.selenium.remote.RemoteWebDriver.execute(RemoteWebDriver.java:609)
at org.openqa.selenium.remote.RemoteWebDriver$RemoteTargetLocator.alert(RemoteWebDriver.java:932)
at com.jsp.tests.DoubleAndRightClick.verifyDoubleAndRightClick(DoubleAndRightClick.java:36)
at java.base/jdk.internal.reflect.NativeMethodAccessorImpl.invoke0(Native Method)
at java.base/jdk.internal.reflect.NativeMethodAccessorImpl.invoke(NativeMethodAccessorImpl.java:64)
at java.base/jdk.internal.reflect.DelegatingMethodAccessorImpl.invoke(DelegatingMethodAccessorImpl.java:43)
at java.base/java.lang.reflect.Method.invoke(Method.java:564)
at org.testng.internal.MethodInvocationHelper.invokeMethod(MethodInvocationHelper.java:124)
at org.testng.internal.Invoker.invokeMethod(Invoker.java:583)
at org.testng.internal.Invoker.invokeTestMethod(Invoker.java:719)
at org.testng.internal.Invoker.invokeTestMethods(Invoker.java:989)
at org.testng.internal.TestMethodWorker.invokeTestMethods(TestMethodWorker.java:125)
at org.testng.internal.TestMethodWorker.run(TestMethodWorker.java:109)
at java.base/java.util.concurrent.ThreadPoolExecutor.runWorker(ThreadPoolExecutor.java:1130)
at java.base/java.util.concurrent.ThreadPoolExecutor$Worker.run(ThreadPoolExecutor.java:630)
at java.base/java.lang.Thread.run(Thread.java:832)
]]>
            </full-stacktrace>
          </exception> <!-- org.openqa.selenium.NoAlertPresentException -->
          <reporter-output>
          </reporter-output>
        </test-method> <!-- verifyDoubleAndRightClick -->
        <test-method is-config="true" signature="tearDown(org.testng.ITestResult)[pri:0, instance:com.jsp.tests.DoubleAndRightClick@a307a8c]" started-at="2022-06-25T19:01:37Z" name="tearDown" finished-at="2022-06-25T19:01:47Z" duration-ms="9644" status="PASS">
          <params>
            <param index="0">
              <value>
                <![CDATA[[TestResult name=verifyDoubleAndRightClick status=FAILURE method=DoubleAndRightClick.verifyDoubleAndRightClick()[pri:0, instance:com.jsp.tests.DoubleAndRightClick@a307a8c] output={null}]]]>
              </value>
            </param>
          </params>
          <reporter-output>
          </reporter-output>
        </test-method> <!-- tearDown -->
      </class> <!-- com.jsp.tests.DoubleAndRightClick -->
      <class name="com.jsp.tests.WindowSwitchBackParent">
        <test-method is-config="true" signature="setUp()[pri:0, instance:com.jsp.tests.WindowSwitchBackParent@421e361]" started-at="2022-06-25T19:09:06Z" name="setUp" finished-at="2022-06-25T19:09:12Z" duration-ms="6199" status="PASS">
          <reporter-output>
          </reporter-output>
        </test-method> <!-- setUp -->
        <test-method signature="verifySwitchBackParentWindow()[pri:0, instance:com.jsp.tests.WindowSwitchBackParent@421e361]" started-at="2022-06-25T19:09:12Z" name="verifySwitchBackParentWindow" finished-at="2022-06-25T19:09:29Z" duration-ms="16628" status="PASS">
          <reporter-output>
          </reporter-output>
        </test-method> <!-- verifySwitchBackParentWindow -->
        <test-method is-config="true" signature="tearDown(org.testng.ITestResult)[pri:0, instance:com.jsp.tests.WindowSwitchBackParent@421e361]" started-at="2022-06-25T19:09:29Z" name="tearDown" finished-at="2022-06-25T19:09:30Z" duration-ms="1057" status="PASS">
          <params>
            <param index="0">
              <value>
                <![CDATA[[TestResult name=verifySwitchBackParentWindow status=SUCCESS method=WindowSwitchBackParent.verifySwitchBackParentWindow()[pri:0, instance:com.jsp.tests.WindowSwitchBackParent@421e361] output={null}]]]>
              </value>
            </param>
          </params>
          <reporter-output>
          </reporter-output>
        </test-method> <!-- tearDown -->
      </class> <!-- com.jsp.tests.WindowSwitchBackParent -->
      <class name="com.jsp.tests.simplepingtest">
        <test-method is-config="true" signature="setUp()[pri:0, instance:com.jsp.tests.simplepingtest@59d4cd39]" started-at="2022-06-25T19:07:55Z" name="setUp" finished-at="2022-06-25T19:08:03Z" duration-ms="7901" status="PASS">
          <reporter-output>
          </reporter-output>
        </test-method> <!-- setUp -->
        <test-method signature="pingtest()[pri:0, instance:com.jsp.tests.simplepingtest@59d4cd39]" started-at="2022-06-25T19:08:03Z" name="pingtest" finished-at="2022-06-25T19:08:08Z" duration-ms="5798" status="PASS">
          <reporter-output>
          </reporter-output>
        </test-method> <!-- pingtest -->
        <test-method is-config="true" signature="tearDown(org.testng.ITestResult)[pri:0, instance:com.jsp.tests.simplepingtest@59d4cd39]" started-at="2022-06-25T19:08:08Z" name="tearDown" finished-at="2022-06-25T19:08:10Z" duration-ms="1175" status="PASS">
          <params>
            <param index="0">
              <value>
                <![CDATA[[TestResult name=pingtest status=SUCCESS method=simplepingtest.pingtest()[pri:0, instance:com.jsp.tests.simplepingtest@59d4cd39] output={null}]]]>
              </value>
            </param>
          </params>
          <reporter-output>
          </reporter-output>
        </test-method> <!-- tearDown -->
      </class> <!-- com.jsp.tests.simplepingtest -->
      <class name="com.jsp.assignments.MissingKinkofWiki">
        <test-method is-config="true" signature="setUp()[pri:0, instance:com.jsp.assignments.MissingKinkofWiki@398dada8]" started-at="2022-06-25T18:53:37Z" name="setUp" finished-at="2022-06-25T18:55:16Z" duration-ms="98895" status="PASS">
          <reporter-output>
          </reporter-output>
        </test-method> <!-- setUp -->
        <test-method signature="missingLink()[pri:0, instance:com.jsp.assignments.MissingKinkofWiki@398dada8]" started-at="2022-06-25T18:55:16Z" name="missingLink" finished-at="2022-06-25T18:56:35Z" duration-ms="79380" status="PASS">
          <reporter-output>
          </reporter-output>
        </test-method> <!-- missingLink -->
        <test-method is-config="true" signature="tearDown(org.testng.ITestResult)[pri:0, instance:com.jsp.assignments.MissingKinkofWiki@398dada8]" started-at="2022-06-25T18:56:35Z" name="tearDown" finished-at="2022-06-25T18:57:37Z" duration-ms="61247" status="PASS">
          <params>
            <param index="0">
              <value>
                <![CDATA[[TestResult name=missingLink status=SUCCESS method=MissingKinkofWiki.missingLink()[pri:0, instance:com.jsp.assignments.MissingKinkofWiki@398dada8] output={null}]]]>
              </value>
            </param>
          </params>
          <reporter-output>
          </reporter-output>
        </test-method> <!-- tearDown -->
      </class> <!-- com.jsp.assignments.MissingKinkofWiki -->
      <class name="com.jsp.tests.DynamicWebTable2">
        <test-method is-config="true" signature="setUp()[pri:0, instance:com.jsp.tests.DynamicWebTable2@1bab8268]" started-at="2022-06-25T19:04:01Z" name="setUp" finished-at="2022-06-25T19:04:09Z" duration-ms="8366" status="PASS">
          <reporter-output>
          </reporter-output>
        </test-method> <!-- setUp -->
        <test-method signature="dynamicWebTable3()[pri:0, instance:com.jsp.tests.DynamicWebTable2@1bab8268]" started-at="2022-06-25T19:04:09Z" name="dynamicWebTable3" finished-at="2022-06-25T19:04:13Z" duration-ms="3523" status="PASS">
          <reporter-output>
          </reporter-output>
        </test-method> <!-- dynamicWebTable3 -->
        <test-method is-config="true" signature="tearDown(org.testng.ITestResult)[pri:0, instance:com.jsp.tests.DynamicWebTable2@1bab8268]" started-at="2022-06-25T19:04:13Z" name="tearDown" finished-at="2022-06-25T19:04:20Z" duration-ms="6850" status="PASS">
          <params>
            <param index="0">
              <value>
                <![CDATA[[TestResult name=dynamicWebTable3 status=SUCCESS method=DynamicWebTable2.dynamicWebTable3()[pri:0, instance:com.jsp.tests.DynamicWebTable2@1bab8268] output={null}]]]>
              </value>
            </param>
          </params>
          <reporter-output>
          </reporter-output>
        </test-method> <!-- tearDown -->
      </class> <!-- com.jsp.tests.DynamicWebTable2 -->
      <class name="com.jsp.tests.CSVRead">
        <test-method is-config="true" signature="setUp()[pri:0, instance:com.jsp.tests.CSVRead@6c61a903]" started-at="2022-06-25T19:00:44Z" name="setUp" finished-at="2022-06-25T19:00:55Z" duration-ms="11381" status="PASS">
          <reporter-output>
          </reporter-output>
        </test-method> <!-- setUp -->
        <test-method signature="csvReadtest()[pri:0, instance:com.jsp.tests.CSVRead@6c61a903]" started-at="2022-06-25T19:00:55Z" name="csvReadtest" finished-at="2022-06-25T19:00:56Z" duration-ms="754" status="PASS">
          <reporter-output>
          </reporter-output>
        </test-method> <!-- csvReadtest -->
        <test-method is-config="true" signature="tearDown(org.testng.ITestResult)[pri:0, instance:com.jsp.tests.CSVRead@6c61a903]" started-at="2022-06-25T19:00:56Z" name="tearDown" finished-at="2022-06-25T19:00:58Z" duration-ms="1794" status="PASS">
          <params>
            <param index="0">
              <value>
                <![CDATA[[TestResult name=csvReadtest status=SUCCESS method=CSVRead.csvReadtest()[pri:0, instance:com.jsp.tests.CSVRead@6c61a903] output={null}]]]>
              </value>
            </param>
          </params>
          <reporter-output>
          </reporter-output>
        </test-method> <!-- tearDown -->
      </class> <!-- com.jsp.tests.CSVRead -->
      <class name="com.jsp.tests.ActiveElement">
        <test-method is-config="true" signature="setUp()[pri:0, instance:com.jsp.tests.ActiveElement@14fa86ae]" started-at="2022-06-25T18:58:12Z" name="setUp" finished-at="2022-06-25T18:58:17Z" duration-ms="5263" status="PASS">
          <reporter-output>
          </reporter-output>
        </test-method> <!-- setUp -->
        <test-method is-config="true" signature="setUp()[pri:0, instance:com.jsp.tests.ActiveElement@14fa86ae]" started-at="2022-06-25T18:58:16Z" name="setUp" finished-at="2022-06-25T18:58:21Z" duration-ms="5413" status="PASS">
          <reporter-output>
          </reporter-output>
        </test-method> <!-- setUp -->
        <test-method signature="verifyActiveElement1()[pri:0, instance:com.jsp.tests.ActiveElement@14fa86ae]" started-at="2022-06-25T18:58:17Z" name="verifyActiveElement1" finished-at="2022-06-25T18:58:27Z" duration-ms="9794" status="PASS">
          <reporter-output>
          </reporter-output>
        </test-method> <!-- verifyActiveElement1 -->
        <test-method signature="verifyActiveElement2()[pri:0, instance:com.jsp.tests.ActiveElement@14fa86ae]" started-at="2022-06-25T18:58:21Z" name="verifyActiveElement2" finished-at="2022-06-25T18:58:27Z" duration-ms="6129" status="PASS">
          <reporter-output>
          </reporter-output>
        </test-method> <!-- verifyActiveElement2 -->
        <test-method is-config="true" signature="tearDown(org.testng.ITestResult)[pri:0, instance:com.jsp.tests.ActiveElement@14fa86ae]" started-at="2022-06-25T18:58:27Z" name="tearDown" finished-at="2022-06-25T18:58:32Z" duration-ms="4893" status="PASS">
          <params>
            <param index="0">
              <value>
                <![CDATA[[TestResult name=verifyActiveElement2 status=SUCCESS method=ActiveElement.verifyActiveElement2()[pri:0, instance:com.jsp.tests.ActiveElement@14fa86ae] output={null}]]]>
              </value>
            </param>
          </params>
          <reporter-output>
          </reporter-output>
        </test-method> <!-- tearDown -->
        <test-method is-config="true" signature="tearDown(org.testng.ITestResult)[pri:0, instance:com.jsp.tests.ActiveElement@14fa86ae]" started-at="2022-06-25T18:58:27Z" name="tearDown" finished-at="2022-06-25T18:58:29Z" duration-ms="2181" status="PASS">
          <params>
            <param index="0">
              <value>
                <![CDATA[[TestResult name=verifyActiveElement1 status=SUCCESS method=ActiveElement.verifyActiveElement1()[pri:0, instance:com.jsp.tests.ActiveElement@14fa86ae] output={null}]]]>
              </value>
            </param>
          </params>
          <reporter-output>
          </reporter-output>
        </test-method> <!-- tearDown -->
      </class> <!-- com.jsp.tests.ActiveElement -->
      <class name="com.jsp.tests.ElementSpecificCmd">
        <test-method is-config="true" signature="setUp()[pri:0, instance:com.jsp.tests.ElementSpecificCmd@1acaf3d]" started-at="2022-06-25T19:04:08Z" name="setUp" finished-at="2022-06-25T19:04:15Z" duration-ms="6880" status="PASS">
          <reporter-output>
          </reporter-output>
        </test-method> <!-- setUp -->
        <test-method signature="elementSpecificCmd()[pri:0, instance:com.jsp.tests.ElementSpecificCmd@1acaf3d]" started-at="2022-06-25T19:04:15Z" name="elementSpecificCmd" finished-at="2022-06-25T19:04:20Z" duration-ms="5448" status="PASS">
          <reporter-output>
          </reporter-output>
        </test-method> <!-- elementSpecificCmd -->
        <test-method is-config="true" signature="tearDown(org.testng.ITestResult)[pri:0, instance:com.jsp.tests.ElementSpecificCmd@1acaf3d]" started-at="2022-06-25T19:04:20Z" name="tearDown" finished-at="2022-06-25T19:04:22Z" duration-ms="1720" status="PASS">
          <params>
            <param index="0">
              <value>
                <![CDATA[[TestResult name=elementSpecificCmd status=SUCCESS method=ElementSpecificCmd.elementSpecificCmd()[pri:0, instance:com.jsp.tests.ElementSpecificCmd@1acaf3d] output={null}]]]>
              </value>
            </param>
          </params>
          <reporter-output>
          </reporter-output>
        </test-method> <!-- tearDown -->
      </class> <!-- com.jsp.tests.ElementSpecificCmd -->
      <class name="com.jsp.tests.BrokenLinksTest2">
        <test-method is-config="true" signature="setUp()[pri:0, instance:com.jsp.tests.BrokenLinksTest2@34f6515b]" started-at="2022-06-25T18:59:57Z" name="setUp" finished-at="2022-06-25T19:00:15Z" duration-ms="17221" status="PASS">
          <reporter-output>
          </reporter-output>
        </test-method> <!-- setUp -->
        <test-method signature="verifyBrokenLinks()[pri:0, instance:com.jsp.tests.BrokenLinksTest2@34f6515b]" started-at="2022-06-25T19:00:15Z" name="verifyBrokenLinks" finished-at="2022-06-25T19:01:37Z" duration-ms="82821" status="FAIL">
          <exception class="java.lang.ClassCastException">
            <message>
              <![CDATA[class sun.net.www.protocol.mailto.MailToURLConnection cannot be cast to class java.net.HttpURLConnection (sun.net.www.protocol.mailto.MailToURLConnection and java.net.HttpURLConnection are in module java.base of loader 'bootstrap')]]>
            </message>
            <full-stacktrace>
              <![CDATA[java.lang.ClassCastException: class sun.net.www.protocol.mailto.MailToURLConnection cannot be cast to class java.net.HttpURLConnection (sun.net.www.protocol.mailto.MailToURLConnection and java.net.HttpURLConnection are in module java.base of loader 'bootstrap')
at com.jsp.tests.BrokenLinksTest2.verifyUrl(BrokenLinksTest2.java:47)
at com.jsp.tests.BrokenLinksTest2.verifyBrokenLinks(BrokenLinksTest2.java:38)
at java.base/jdk.internal.reflect.NativeMethodAccessorImpl.invoke0(Native Method)
at java.base/jdk.internal.reflect.NativeMethodAccessorImpl.invoke(NativeMethodAccessorImpl.java:64)
at java.base/jdk.internal.reflect.DelegatingMethodAccessorImpl.invoke(DelegatingMethodAccessorImpl.java:43)
at java.base/java.lang.reflect.Method.invoke(Method.java:564)
at org.testng.internal.MethodInvocationHelper.invokeMethod(MethodInvocationHelper.java:124)
at org.testng.internal.Invoker.invokeMethod(Invoker.java:583)
at org.testng.internal.Invoker.invokeTestMethod(Invoker.java:719)
at org.testng.internal.Invoker.invokeTestMethods(Invoker.java:989)
at org.testng.internal.TestMethodWorker.invokeTestMethods(TestMethodWorker.java:125)
at org.testng.internal.TestMethodWorker.run(TestMethodWorker.java:109)
at java.base/java.util.concurrent.ThreadPoolExecutor.runWorker(ThreadPoolExecutor.java:1130)
at java.base/java.util.concurrent.ThreadPoolExecutor$Worker.run(ThreadPoolExecutor.java:630)
at java.base/java.lang.Thread.run(Thread.java:832)
]]>
            </full-stacktrace>
          </exception> <!-- java.lang.ClassCastException -->
          <reporter-output>
          </reporter-output>
        </test-method> <!-- verifyBrokenLinks -->
        <test-method is-config="true" signature="tearDown(org.testng.ITestResult)[pri:0, instance:com.jsp.tests.BrokenLinksTest2@34f6515b]" started-at="2022-06-25T19:01:37Z" name="tearDown" finished-at="2022-06-25T19:01:50Z" duration-ms="12804" status="PASS">
          <params>
            <param index="0">
              <value>
                <![CDATA[[TestResult name=verifyBrokenLinks status=FAILURE method=BrokenLinksTest2.verifyBrokenLinks()[pri:0, instance:com.jsp.tests.BrokenLinksTest2@34f6515b] output={null}]]]>
              </value>
            </param>
          </params>
          <reporter-output>
          </reporter-output>
        </test-method> <!-- tearDown -->
      </class> <!-- com.jsp.tests.BrokenLinksTest2 -->
      <class name="com.jsp.tests.HeadlessBrowsingChrome">
        <test-method signature="chromeHeadlessBrowsing2()[pri:0, instance:com.jsp.tests.HeadlessBrowsingChrome@1b8a29df]" started-at="2022-06-25T19:05:20Z" name="chromeHeadlessBrowsing2" finished-at="2022-06-25T19:05:23Z" duration-ms="3022" status="FAIL">
          <exception class="org.openqa.selenium.SessionNotCreatedException">
            <message>
              <![CDATA[session not created: This version of ChromeDriver only supports Chrome version 98
Current browser version is 102.0.5005.115 with binary path C:\Program Files (x86)\Google\Chrome\Application\chrome.exe
Build info: version: '3.141.59', revision: 'e82be7d358', time: '2018-11-14T08:17:03'
System info: host: 'SHRADDHA-PC', ip: '192.168.29.116', os.name: 'Windows 7', os.arch: 'amd64', os.version: '6.1', java.version: '15.0.1'
Driver info: driver.version: ChromeDriver
remote stacktrace: Backtrace:
Ordinal0 [0x0042A0A3+2597027]
Ordinal0 [0x003BBA61+2144865]
Ordinal0 [0x002B3C58+1064024]
Ordinal0 [0x002D3708+1193736]
Ordinal0 [0x002CF585+1176965]
Ordinal0 [0x002CCD41+1166657]
Ordinal0 [0x002FD23F+1364543]
Ordinal0 [0x002FCE6A+1363562]
Ordinal0 [0x002F85C6+1344966]
Ordinal0 [0x002D54C6+1201350]
Ordinal0 [0x002D63B6+1205174]
GetHandleVerifier [0x005D10A2+1681842]
GetHandleVerifier [0x00683B0C+2413596]
GetHandleVerifier [0x004C1221+568113]
GetHandleVerifier [0x004BFFA3+563379]
Ordinal0 [0x003C174E+2168654]
Ordinal0 [0x003C6538+2188600]
Ordinal0 [0x003C6680+2188928]
Ordinal0 [0x003D030C+2229004]
BaseThreadInitThunk [0x7674343D+18]
RtlInitializeExceptionChain [0x77E29812+99]
RtlInitializeExceptionChain [0x77E297E5+54]
]]>
            </message>
            <full-stacktrace>
              <![CDATA[org.openqa.selenium.SessionNotCreatedException: session not created: This version of ChromeDriver only supports Chrome version 98
Current browser version is 102.0.5005.115 with binary path C:\Program Files (x86)\Google\Chrome\Application\chrome.exe
Build info: version: '3.141.59', revision: 'e82be7d358', time: '2018-11-14T08:17:03'
System info: host: 'SHRADDHA-PC', ip: '192.168.29.116', os.name: 'Windows 7', os.arch: 'amd64', os.version: '6.1', java.version: '15.0.1'
Driver info: driver.version: ChromeDriver
remote stacktrace: Backtrace:
Ordinal0 [0x0042A0A3+2597027]
Ordinal0 [0x003BBA61+2144865]
Ordinal0 [0x002B3C58+1064024]
Ordinal0 [0x002D3708+1193736]
Ordinal0 [0x002CF585+1176965]
Ordinal0 [0x002CCD41+1166657]
Ordinal0 [0x002FD23F+1364543]
Ordinal0 [0x002FCE6A+1363562]
Ordinal0 [0x002F85C6+1344966]
Ordinal0 [0x002D54C6+1201350]
Ordinal0 [0x002D63B6+1205174]
GetHandleVerifier [0x005D10A2+1681842]
GetHandleVerifier [0x00683B0C+2413596]
GetHandleVerifier [0x004C1221+568113]
GetHandleVerifier [0x004BFFA3+563379]
Ordinal0 [0x003C174E+2168654]
Ordinal0 [0x003C6538+2188600]
Ordinal0 [0x003C6680+2188928]
Ordinal0 [0x003D030C+2229004]
BaseThreadInitThunk [0x7674343D+18]
RtlInitializeExceptionChain [0x77E29812+99]
RtlInitializeExceptionChain [0x77E297E5+54]

at java.base/jdk.internal.reflect.NativeConstructorAccessorImpl.newInstance0(Native Method)
at java.base/jdk.internal.reflect.NativeConstructorAccessorImpl.newInstance(NativeConstructorAccessorImpl.java:64)
at java.base/jdk.internal.reflect.DelegatingConstructorAccessorImpl.newInstance(DelegatingConstructorAccessorImpl.java:45)
at java.base/java.lang.reflect.Constructor.newInstanceWithCaller(Constructor.java:500)
at java.base/java.lang.reflect.Constructor.newInstance(Constructor.java:481)
at org.openqa.selenium.remote.W3CHandshakeResponse.lambda$errorHandler$0(W3CHandshakeResponse.java:62)
at org.openqa.selenium.remote.HandshakeResponse.lambda$getResponseFunction$0(HandshakeResponse.java:30)
at org.openqa.selenium.remote.ProtocolHandshake.lambda$createSession$0(ProtocolHandshake.java:126)
at java.base/java.util.stream.ReferencePipeline$3$1.accept(ReferencePipeline.java:195)
at java.base/java.util.Spliterators$ArraySpliterator.tryAdvance(Spliterators.java:958)
at java.base/java.util.stream.ReferencePipeline.forEachWithCancel(ReferencePipeline.java:127)
at java.base/java.util.stream.AbstractPipeline.copyIntoWithCancel(AbstractPipeline.java:502)
at java.base/java.util.stream.AbstractPipeline.copyInto(AbstractPipeline.java:488)
at java.base/java.util.stream.AbstractPipeline.wrapAndCopyInto(AbstractPipeline.java:474)
at java.base/java.util.stream.FindOps$FindOp.evaluateSequential(FindOps.java:150)
at java.base/java.util.stream.AbstractPipeline.evaluate(AbstractPipeline.java:234)
at java.base/java.util.stream.ReferencePipeline.findFirst(ReferencePipeline.java:543)
at org.openqa.selenium.remote.ProtocolHandshake.createSession(ProtocolHandshake.java:128)
at org.openqa.selenium.remote.ProtocolHandshake.createSession(ProtocolHandshake.java:74)
at org.openqa.selenium.remote.HttpCommandExecutor.execute(HttpCommandExecutor.java:136)
at org.openqa.selenium.remote.service.DriverCommandExecutor.execute(DriverCommandExecutor.java:83)
at org.openqa.selenium.remote.RemoteWebDriver.execute(RemoteWebDriver.java:552)
at org.openqa.selenium.remote.RemoteWebDriver.startSession(RemoteWebDriver.java:213)
at org.openqa.selenium.remote.RemoteWebDriver.<init>(RemoteWebDriver.java:131)
at org.openqa.selenium.chrome.ChromeDriver.<init>(ChromeDriver.java:181)
at org.openqa.selenium.chrome.ChromeDriver.<init>(ChromeDriver.java:168)
at org.openqa.selenium.chrome.ChromeDriver.<init>(ChromeDriver.java:157)
at com.jsp.tests.HeadlessBrowsingChrome.chromeHeadlessBrowsing2(HeadlessBrowsingChrome.java:44)
at java.base/jdk.internal.reflect.NativeMethodAccessorImpl.invoke0(Native Method)
at java.base/jdk.internal.reflect.NativeMethodAccessorImpl.invoke(NativeMethodAccessorImpl.java:64)
at java.base/jdk.internal.reflect.DelegatingMethodAccessorImpl.invoke(DelegatingMethodAccessorImpl.java:43)
at java.base/java.lang.reflect.Method.invoke(Method.java:564)
at org.testng.internal.MethodInvocationHelper.invokeMethod(MethodInvocationHelper.java:124)
at org.testng.internal.Invoker.invokeMethod(Invoker.java:583)
at org.testng.internal.Invoker.invokeTestMethod(Invoker.java:719)
at org.testng.internal.Invoker.invokeTestMethods(Invoker.java:989)
at org.testng.internal.TestMethodWorker.invokeTestMethods(TestMethodWorker.java:125)
at org.testng.internal.TestMethodWorker.run(TestMethodWorker.java:109)
at java.base/java.util.concurrent.ThreadPoolExecutor.runWorker(ThreadPoolExecutor.java:1130)
at java.base/java.util.concurrent.ThreadPoolExecutor$Worker.run(ThreadPoolExecutor.java:630)
at java.base/java.lang.Thread.run(Thread.java:832)
]]>
            </full-stacktrace>
          </exception> <!-- org.openqa.selenium.SessionNotCreatedException -->
          <reporter-output>
          </reporter-output>
        </test-method> <!-- chromeHeadlessBrowsing2 -->
      </class> <!-- com.jsp.tests.HeadlessBrowsingChrome -->
      <class name="com.jsp.tests.AleternateOfSendKeys">
        <test-method is-config="true" signature="setUp()[pri:0, instance:com.jsp.tests.AleternateOfSendKeys@2b9ed6da]" started-at="2022-06-25T18:58:19Z" name="setUp" finished-at="2022-06-25T18:58:27Z" duration-ms="8259" status="PASS">
          <reporter-output>
          </reporter-output>
        </test-method> <!-- setUp -->
        <test-method signature="alternateOfSendkeys2()[pri:0, instance:com.jsp.tests.AleternateOfSendKeys@2b9ed6da]" started-at="2022-06-25T18:58:27Z" name="alternateOfSendkeys2" finished-at="2022-06-25T18:58:43Z" duration-ms="15909" status="PASS">
          <reporter-output>
          </reporter-output>
        </test-method> <!-- alternateOfSendkeys2 -->
        <test-method is-config="true" signature="tearDown(org.testng.ITestResult)[pri:0, instance:com.jsp.tests.AleternateOfSendKeys@2b9ed6da]" started-at="2022-06-25T18:58:43Z" name="tearDown" finished-at="2022-06-25T18:59:00Z" duration-ms="17387" status="PASS">
          <params>
            <param index="0">
              <value>
                <![CDATA[[TestResult name=alternateOfSendkeys2 status=SUCCESS method=AleternateOfSendKeys.alternateOfSendkeys2()[pri:0, instance:com.jsp.tests.AleternateOfSendKeys@2b9ed6da] output={null}]]]>
              </value>
            </param>
          </params>
          <reporter-output>
          </reporter-output>
        </test-method> <!-- tearDown -->
      </class> <!-- com.jsp.tests.AleternateOfSendKeys -->
      <class name="com.jsp.tests.DropDownDemo">
        <test-method is-config="true" signature="setUp()[pri:0, instance:com.jsp.tests.DropDownDemo@4b34fff9]" started-at="2022-06-25T19:02:53Z" name="setUp" finished-at="2022-06-25T19:03:08Z" duration-ms="14765" status="PASS">
          <reporter-output>
          </reporter-output>
        </test-method> <!-- setUp -->
        <test-method signature="dropDownDemo()[pri:0, instance:com.jsp.tests.DropDownDemo@4b34fff9]" started-at="2022-06-25T19:03:08Z" name="dropDownDemo" finished-at="2022-06-25T19:03:56Z" duration-ms="47583" status="PASS">
          <reporter-output>
          </reporter-output>
        </test-method> <!-- dropDownDemo -->
        <test-method is-config="true" signature="tearDown(org.testng.ITestResult)[pri:0, instance:com.jsp.tests.DropDownDemo@4b34fff9]" started-at="2022-06-25T19:03:56Z" name="tearDown" finished-at="2022-06-25T19:04:08Z" duration-ms="12143" status="PASS">
          <params>
            <param index="0">
              <value>
                <![CDATA[[TestResult name=dropDownDemo status=SUCCESS method=DropDownDemo.dropDownDemo()[pri:0, instance:com.jsp.tests.DropDownDemo@4b34fff9] output={null}]]]>
              </value>
            </param>
          </params>
          <reporter-output>
          </reporter-output>
        </test-method> <!-- tearDown -->
      </class> <!-- com.jsp.tests.DropDownDemo -->
      <class name="com.jsp.tests.TC001_GET_All_Emps">
        <test-method is-config="true" signature="getAllEmployees()[pri:0, instance:com.jsp.tests.TC001_GET_All_Emps@6a47b187]" started-at="2022-06-25T19:08:11Z" name="getAllEmployees" finished-at="2022-06-25T19:08:32Z" duration-ms="21209" status="PASS">
          <reporter-output>
          </reporter-output>
        </test-method> <!-- getAllEmployees -->
        <test-method is-config="true" signature="setUp()[pri:0, instance:com.jsp.tests.TC001_GET_All_Emps@6a47b187]" started-at="2022-06-25T19:08:32Z" name="setUp" finished-at="2022-06-25T19:08:43Z" duration-ms="10748" status="PASS">
          <reporter-output>
          </reporter-output>
        </test-method> <!-- setUp -->
        <test-method signature="checkResponseBody()[pri:0, instance:com.jsp.tests.TC001_GET_All_Emps@6a47b187]" started-at="2022-06-25T19:08:43Z" name="checkResponseBody" finished-at="2022-06-25T19:08:43Z" duration-ms="131" status="PASS">
          <reporter-output>
          </reporter-output>
        </test-method> <!-- checkResponseBody -->
        <test-method is-config="true" signature="tearDown(org.testng.ITestResult)[pri:0, instance:com.jsp.tests.TC001_GET_All_Emps@6a47b187]" started-at="2022-06-25T19:08:43Z" name="tearDown" finished-at="2022-06-25T19:09:06Z" duration-ms="22990" status="PASS">
          <params>
            <param index="0">
              <value>
                <![CDATA[[TestResult name=checkResponseBody status=SUCCESS method=TC001_GET_All_Emps.checkResponseBody()[pri:0, instance:com.jsp.tests.TC001_GET_All_Emps@6a47b187] output={null}]]]>
              </value>
            </param>
          </params>
          <reporter-output>
          </reporter-output>
        </test-method> <!-- tearDown -->
      </class> <!-- com.jsp.tests.TC001_GET_All_Emps -->
      <class name="com.jsp.tests.ImportLinks">
        <test-method is-config="true" signature="setUp()[pri:0, instance:com.jsp.tests.ImportLinks@1187c9e8]" started-at="2022-06-25T19:05:40Z" name="setUp" finished-at="2022-06-25T19:05:54Z" duration-ms="14071" status="PASS">
          <reporter-output>
          </reporter-output>
        </test-method> <!-- setUp -->
        <test-method signature="importLinks()[pri:0, instance:com.jsp.tests.ImportLinks@1187c9e8]" started-at="2022-06-25T19:05:54Z" name="importLinks" finished-at="2022-06-25T19:06:03Z" duration-ms="9028" status="PASS">
          <reporter-output>
          </reporter-output>
        </test-method> <!-- importLinks -->
        <test-method is-config="true" signature="tearDown(org.testng.ITestResult)[pri:0, instance:com.jsp.tests.ImportLinks@1187c9e8]" started-at="2022-06-25T19:06:03Z" name="tearDown" finished-at="2022-06-25T19:06:14Z" duration-ms="10943" status="PASS">
          <params>
            <param index="0">
              <value>
                <![CDATA[[TestResult name=importLinks status=SUCCESS method=ImportLinks.importLinks()[pri:0, instance:com.jsp.tests.ImportLinks@1187c9e8] output={null}]]]>
              </value>
            </param>
          </params>
          <reporter-output>
          </reporter-output>
        </test-method> <!-- tearDown -->
      </class> <!-- com.jsp.tests.ImportLinks -->
      <class name="com.jsp.tests.PingTestNoReport">
        <test-method is-config="true" signature="setUp()[pri:0, instance:com.jsp.tests.PingTestNoReport@127a7a2e]" started-at="2022-06-25T19:06:28Z" name="setUp" finished-at="2022-06-25T19:06:36Z" duration-ms="8283" status="FAIL">
          <exception class="org.openqa.selenium.SessionNotCreatedException">
            <message>
              <![CDATA[session not created: This version of ChromeDriver only supports Chrome version 98
Current browser version is 102.0.5005.115 with binary path C:\Program Files (x86)\Google\Chrome\Application\chrome.exe
Build info: version: '3.141.59', revision: 'e82be7d358', time: '2018-11-14T08:17:03'
System info: host: 'SHRADDHA-PC', ip: '192.168.29.116', os.name: 'Windows 7', os.arch: 'amd64', os.version: '6.1', java.version: '15.0.1'
Driver info: driver.version: ChromeDriver
remote stacktrace: Backtrace:
Ordinal0 [0x0042A0A3+2597027]
Ordinal0 [0x003BBA61+2144865]
Ordinal0 [0x002B3C58+1064024]
Ordinal0 [0x002D3708+1193736]
Ordinal0 [0x002CF585+1176965]
Ordinal0 [0x002CCD41+1166657]
Ordinal0 [0x002FD23F+1364543]
Ordinal0 [0x002FCE6A+1363562]
Ordinal0 [0x002F85C6+1344966]
Ordinal0 [0x002D54C6+1201350]
Ordinal0 [0x002D63B6+1205174]
GetHandleVerifier [0x005D10A2+1681842]
GetHandleVerifier [0x00683B0C+2413596]
GetHandleVerifier [0x004C1221+568113]
GetHandleVerifier [0x004BFFA3+563379]
Ordinal0 [0x003C174E+2168654]
Ordinal0 [0x003C6538+2188600]
Ordinal0 [0x003C6680+2188928]
Ordinal0 [0x003D030C+2229004]
BaseThreadInitThunk [0x7674343D+18]
RtlInitializeExceptionChain [0x77E29812+99]
RtlInitializeExceptionChain [0x77E297E5+54]
]]>
            </message>
            <full-stacktrace>
              <![CDATA[org.openqa.selenium.SessionNotCreatedException: session not created: This version of ChromeDriver only supports Chrome version 98
Current browser version is 102.0.5005.115 with binary path C:\Program Files (x86)\Google\Chrome\Application\chrome.exe
Build info: version: '3.141.59', revision: 'e82be7d358', time: '2018-11-14T08:17:03'
System info: host: 'SHRADDHA-PC', ip: '192.168.29.116', os.name: 'Windows 7', os.arch: 'amd64', os.version: '6.1', java.version: '15.0.1'
Driver info: driver.version: ChromeDriver
remote stacktrace: Backtrace:
Ordinal0 [0x0042A0A3+2597027]
Ordinal0 [0x003BBA61+2144865]
Ordinal0 [0x002B3C58+1064024]
Ordinal0 [0x002D3708+1193736]
Ordinal0 [0x002CF585+1176965]
Ordinal0 [0x002CCD41+1166657]
Ordinal0 [0x002FD23F+1364543]
Ordinal0 [0x002FCE6A+1363562]
Ordinal0 [0x002F85C6+1344966]
Ordinal0 [0x002D54C6+1201350]
Ordinal0 [0x002D63B6+1205174]
GetHandleVerifier [0x005D10A2+1681842]
GetHandleVerifier [0x00683B0C+2413596]
GetHandleVerifier [0x004C1221+568113]
GetHandleVerifier [0x004BFFA3+563379]
Ordinal0 [0x003C174E+2168654]
Ordinal0 [0x003C6538+2188600]
Ordinal0 [0x003C6680+2188928]
Ordinal0 [0x003D030C+2229004]
BaseThreadInitThunk [0x7674343D+18]
RtlInitializeExceptionChain [0x77E29812+99]
RtlInitializeExceptionChain [0x77E297E5+54]

at java.base/jdk.internal.reflect.NativeConstructorAccessorImpl.newInstance0(Native Method)
at java.base/jdk.internal.reflect.NativeConstructorAccessorImpl.newInstance(NativeConstructorAccessorImpl.java:64)
at java.base/jdk.internal.reflect.DelegatingConstructorAccessorImpl.newInstance(DelegatingConstructorAccessorImpl.java:45)
at java.base/java.lang.reflect.Constructor.newInstanceWithCaller(Constructor.java:500)
at java.base/java.lang.reflect.Constructor.newInstance(Constructor.java:481)
at org.openqa.selenium.remote.W3CHandshakeResponse.lambda$errorHandler$0(W3CHandshakeResponse.java:62)
at org.openqa.selenium.remote.HandshakeResponse.lambda$getResponseFunction$0(HandshakeResponse.java:30)
at org.openqa.selenium.remote.ProtocolHandshake.lambda$createSession$0(ProtocolHandshake.java:126)
at java.base/java.util.stream.ReferencePipeline$3$1.accept(ReferencePipeline.java:195)
at java.base/java.util.Spliterators$ArraySpliterator.tryAdvance(Spliterators.java:958)
at java.base/java.util.stream.ReferencePipeline.forEachWithCancel(ReferencePipeline.java:127)
at java.base/java.util.stream.AbstractPipeline.copyIntoWithCancel(AbstractPipeline.java:502)
at java.base/java.util.stream.AbstractPipeline.copyInto(AbstractPipeline.java:488)
at java.base/java.util.stream.AbstractPipeline.wrapAndCopyInto(AbstractPipeline.java:474)
at java.base/java.util.stream.FindOps$FindOp.evaluateSequential(FindOps.java:150)
at java.base/java.util.stream.AbstractPipeline.evaluate(AbstractPipeline.java:234)
at java.base/java.util.stream.ReferencePipeline.findFirst(ReferencePipeline.java:543)
at org.openqa.selenium.remote.ProtocolHandshake.createSession(ProtocolHandshake.java:128)
at org.openqa.selenium.remote.ProtocolHandshake.createSession(ProtocolHandshake.java:74)
at org.openqa.selenium.remote.HttpCommandExecutor.execute(HttpCommandExecutor.java:136)
at org.openqa.selenium.remote.service.DriverCommandExecutor.execute(DriverCommandExecutor.java:83)
at org.openqa.selenium.remote.RemoteWebDriver.execute(RemoteWebDriver.java:552)
at org.openqa.selenium.remote.RemoteWebDriver.startSession(RemoteWebDriver.java:213)
at org.openqa.selenium.remote.RemoteWebDriver.<init>(RemoteWebDriver.java:131)
at org.openqa.selenium.chrome.ChromeDriver.<init>(ChromeDriver.java:181)
at org.openqa.selenium.chrome.ChromeDriver.<init>(ChromeDriver.java:147)
at com.jsp.basepackagesimple.BaseClassNoReport.setUp(BaseClassNoReport.java:83)
at java.base/jdk.internal.reflect.NativeMethodAccessorImpl.invoke0(Native Method)
at java.base/jdk.internal.reflect.NativeMethodAccessorImpl.invoke(NativeMethodAccessorImpl.java:64)
at java.base/jdk.internal.reflect.DelegatingMethodAccessorImpl.invoke(DelegatingMethodAccessorImpl.java:43)
at java.base/java.lang.reflect.Method.invoke(Method.java:564)
at org.testng.internal.MethodInvocationHelper.invokeMethod(MethodInvocationHelper.java:124)
at org.testng.internal.MethodInvocationHelper.invokeMethodConsideringTimeout(MethodInvocationHelper.java:59)
at org.testng.internal.Invoker.invokeConfigurationMethod(Invoker.java:458)
at org.testng.internal.Invoker.invokeConfigurations(Invoker.java:222)
at org.testng.internal.Invoker.invokeMethod(Invoker.java:523)
at org.testng.internal.Invoker.invokeTestMethod(Invoker.java:719)
at org.testng.internal.Invoker.invokeTestMethods(Invoker.java:989)
at org.testng.internal.TestMethodWorker.invokeTestMethods(TestMethodWorker.java:125)
at org.testng.internal.TestMethodWorker.run(TestMethodWorker.java:109)
at java.base/java.util.concurrent.ThreadPoolExecutor.runWorker(ThreadPoolExecutor.java:1130)
at java.base/java.util.concurrent.ThreadPoolExecutor$Worker.run(ThreadPoolExecutor.java:630)
at java.base/java.lang.Thread.run(Thread.java:832)
]]>
            </full-stacktrace>
          </exception> <!-- org.openqa.selenium.SessionNotCreatedException -->
          <reporter-output>
          </reporter-output>
        </test-method> <!-- setUp -->
        <test-method signature="pinggoogle()[pri:0, instance:com.jsp.tests.PingTestNoReport@127a7a2e]" started-at="2022-06-25T19:06:36Z" name="pinggoogle" finished-at="2022-06-25T19:06:36Z" duration-ms="0" status="SKIP">
          <exception class="org.openqa.selenium.SessionNotCreatedException">
            <message>
              <![CDATA[session not created: This version of ChromeDriver only supports Chrome version 98
Current browser version is 102.0.5005.115 with binary path C:\Program Files (x86)\Google\Chrome\Application\chrome.exe
Build info: version: '3.141.59', revision: 'e82be7d358', time: '2018-11-14T08:17:03'
System info: host: 'SHRADDHA-PC', ip: '192.168.29.116', os.name: 'Windows 7', os.arch: 'amd64', os.version: '6.1', java.version: '15.0.1'
Driver info: driver.version: ChromeDriver
remote stacktrace: Backtrace:
Ordinal0 [0x0042A0A3+2597027]
Ordinal0 [0x003BBA61+2144865]
Ordinal0 [0x002B3C58+1064024]
Ordinal0 [0x002D3708+1193736]
Ordinal0 [0x002CF585+1176965]
Ordinal0 [0x002CCD41+1166657]
Ordinal0 [0x002FD23F+1364543]
Ordinal0 [0x002FCE6A+1363562]
Ordinal0 [0x002F85C6+1344966]
Ordinal0 [0x002D54C6+1201350]
Ordinal0 [0x002D63B6+1205174]
GetHandleVerifier [0x005D10A2+1681842]
GetHandleVerifier [0x00683B0C+2413596]
GetHandleVerifier [0x004C1221+568113]
GetHandleVerifier [0x004BFFA3+563379]
Ordinal0 [0x003C174E+2168654]
Ordinal0 [0x003C6538+2188600]
Ordinal0 [0x003C6680+2188928]
Ordinal0 [0x003D030C+2229004]
BaseThreadInitThunk [0x7674343D+18]
RtlInitializeExceptionChain [0x77E29812+99]
RtlInitializeExceptionChain [0x77E297E5+54]
]]>
            </message>
            <full-stacktrace>
              <![CDATA[org.openqa.selenium.SessionNotCreatedException: session not created: This version of ChromeDriver only supports Chrome version 98
Current browser version is 102.0.5005.115 with binary path C:\Program Files (x86)\Google\Chrome\Application\chrome.exe
Build info: version: '3.141.59', revision: 'e82be7d358', time: '2018-11-14T08:17:03'
System info: host: 'SHRADDHA-PC', ip: '192.168.29.116', os.name: 'Windows 7', os.arch: 'amd64', os.version: '6.1', java.version: '15.0.1'
Driver info: driver.version: ChromeDriver
remote stacktrace: Backtrace:
Ordinal0 [0x0042A0A3+2597027]
Ordinal0 [0x003BBA61+2144865]
Ordinal0 [0x002B3C58+1064024]
Ordinal0 [0x002D3708+1193736]
Ordinal0 [0x002CF585+1176965]
Ordinal0 [0x002CCD41+1166657]
Ordinal0 [0x002FD23F+1364543]
Ordinal0 [0x002FCE6A+1363562]
Ordinal0 [0x002F85C6+1344966]
Ordinal0 [0x002D54C6+1201350]
Ordinal0 [0x002D63B6+1205174]
GetHandleVerifier [0x005D10A2+1681842]
GetHandleVerifier [0x00683B0C+2413596]
GetHandleVerifier [0x004C1221+568113]
GetHandleVerifier [0x004BFFA3+563379]
Ordinal0 [0x003C174E+2168654]
Ordinal0 [0x003C6538+2188600]
Ordinal0 [0x003C6680+2188928]
Ordinal0 [0x003D030C+2229004]
BaseThreadInitThunk [0x7674343D+18]
RtlInitializeExceptionChain [0x77E29812+99]
RtlInitializeExceptionChain [0x77E297E5+54]

at java.base/jdk.internal.reflect.NativeConstructorAccessorImpl.newInstance0(Native Method)
at java.base/jdk.internal.reflect.NativeConstructorAccessorImpl.newInstance(NativeConstructorAccessorImpl.java:64)
at java.base/jdk.internal.reflect.DelegatingConstructorAccessorImpl.newInstance(DelegatingConstructorAccessorImpl.java:45)
at java.base/java.lang.reflect.Constructor.newInstanceWithCaller(Constructor.java:500)
at java.base/java.lang.reflect.Constructor.newInstance(Constructor.java:481)
at org.openqa.selenium.remote.W3CHandshakeResponse.lambda$errorHandler$0(W3CHandshakeResponse.java:62)
at org.openqa.selenium.remote.HandshakeResponse.lambda$getResponseFunction$0(HandshakeResponse.java:30)
at org.openqa.selenium.remote.ProtocolHandshake.lambda$createSession$0(ProtocolHandshake.java:126)
at java.base/java.util.stream.ReferencePipeline$3$1.accept(ReferencePipeline.java:195)
at java.base/java.util.Spliterators$ArraySpliterator.tryAdvance(Spliterators.java:958)
at java.base/java.util.stream.ReferencePipeline.forEachWithCancel(ReferencePipeline.java:127)
at java.base/java.util.stream.AbstractPipeline.copyIntoWithCancel(AbstractPipeline.java:502)
at java.base/java.util.stream.AbstractPipeline.copyInto(AbstractPipeline.java:488)
at java.base/java.util.stream.AbstractPipeline.wrapAndCopyInto(AbstractPipeline.java:474)
at java.base/java.util.stream.FindOps$FindOp.evaluateSequential(FindOps.java:150)
at java.base/java.util.stream.AbstractPipeline.evaluate(AbstractPipeline.java:234)
at java.base/java.util.stream.ReferencePipeline.findFirst(ReferencePipeline.java:543)
at org.openqa.selenium.remote.ProtocolHandshake.createSession(ProtocolHandshake.java:128)
at org.openqa.selenium.remote.ProtocolHandshake.createSession(ProtocolHandshake.java:74)
at org.openqa.selenium.remote.HttpCommandExecutor.execute(HttpCommandExecutor.java:136)
at org.openqa.selenium.remote.service.DriverCommandExecutor.execute(DriverCommandExecutor.java:83)
at org.openqa.selenium.remote.RemoteWebDriver.execute(RemoteWebDriver.java:552)
at org.openqa.selenium.remote.RemoteWebDriver.startSession(RemoteWebDriver.java:213)
at org.openqa.selenium.remote.RemoteWebDriver.<init>(RemoteWebDriver.java:131)
at org.openqa.selenium.chrome.ChromeDriver.<init>(ChromeDriver.java:181)
at org.openqa.selenium.chrome.ChromeDriver.<init>(ChromeDriver.java:147)
at com.jsp.basepackagesimple.BaseClassNoReport.setUp(BaseClassNoReport.java:83)
at java.base/jdk.internal.reflect.NativeMethodAccessorImpl.invoke0(Native Method)
at java.base/jdk.internal.reflect.NativeMethodAccessorImpl.invoke(NativeMethodAccessorImpl.java:64)
at java.base/jdk.internal.reflect.DelegatingMethodAccessorImpl.invoke(DelegatingMethodAccessorImpl.java:43)
at java.base/java.lang.reflect.Method.invoke(Method.java:564)
at org.testng.internal.MethodInvocationHelper.invokeMethod(MethodInvocationHelper.java:124)
at org.testng.internal.MethodInvocationHelper.invokeMethodConsideringTimeout(MethodInvocationHelper.java:59)
at org.testng.internal.Invoker.invokeConfigurationMethod(Invoker.java:458)
at org.testng.internal.Invoker.invokeConfigurations(Invoker.java:222)
at org.testng.internal.Invoker.invokeMethod(Invoker.java:523)
at org.testng.internal.Invoker.invokeTestMethod(Invoker.java:719)
at org.testng.internal.Invoker.invokeTestMethods(Invoker.java:989)
at org.testng.internal.TestMethodWorker.invokeTestMethods(TestMethodWorker.java:125)
at org.testng.internal.TestMethodWorker.run(TestMethodWorker.java:109)
at java.base/java.util.concurrent.ThreadPoolExecutor.runWorker(ThreadPoolExecutor.java:1130)
at java.base/java.util.concurrent.ThreadPoolExecutor$Worker.run(ThreadPoolExecutor.java:630)
at java.base/java.lang.Thread.run(Thread.java:832)
]]>
            </full-stacktrace>
          </exception> <!-- org.openqa.selenium.SessionNotCreatedException -->
          <reporter-output>
          </reporter-output>
        </test-method> <!-- pinggoogle -->
        <test-method is-config="true" signature="tearDown(org.testng.ITestResult)[pri:0, instance:com.jsp.tests.PingTestNoReport@127a7a2e]" started-at="2022-06-25T19:06:36Z" name="tearDown" finished-at="2022-06-25T19:06:36Z" duration-ms="0" status="SKIP">
          <reporter-output>
          </reporter-output>
        </test-method> <!-- tearDown -->
      </class> <!-- com.jsp.tests.PingTestNoReport -->
      <class name="com.jsp.tests.Action">
        <test-method is-config="true" signature="setUp()[pri:0, instance:com.jsp.tests.Action@3ddc6915]" started-at="2022-06-25T18:53:37Z" name="setUp" finished-at="2022-06-25T18:55:16Z" duration-ms="98894" status="PASS">
          <reporter-output>
          </reporter-output>
        </test-method> <!-- setUp -->
        <test-method is-config="true" signature="setUp()[pri:0, instance:com.jsp.tests.Action@3ddc6915]" started-at="2022-06-25T18:53:37Z" name="setUp" finished-at="2022-06-25T18:55:16Z" duration-ms="98895" status="PASS">
          <reporter-output>
          </reporter-output>
        </test-method> <!-- setUp -->
        <test-method is-config="true" signature="setUp()[pri:0, instance:com.jsp.tests.Action@3ddc6915]" started-at="2022-06-25T18:53:37Z" name="setUp" finished-at="2022-06-25T18:55:16Z" duration-ms="98894" status="PASS">
          <reporter-output>
          </reporter-output>
        </test-method> <!-- setUp -->
        <test-method signature="testAction2()[pri:0, instance:com.jsp.tests.Action@3ddc6915]" started-at="2022-06-25T18:55:16Z" name="testAction2" finished-at="2022-06-25T18:55:47Z" duration-ms="30583" status="PASS">
          <reporter-output>
          </reporter-output>
        </test-method> <!-- testAction2 -->
        <test-method signature="testAction1()[pri:0, instance:com.jsp.tests.Action@3ddc6915]" started-at="2022-06-25T18:55:16Z" name="testAction1" finished-at="2022-06-25T18:56:33Z" duration-ms="76929" status="PASS">
          <reporter-output>
          </reporter-output>
        </test-method> <!-- testAction1 -->
        <test-method signature="testAction3()[pri:0, instance:com.jsp.tests.Action@3ddc6915]" started-at="2022-06-25T18:55:16Z" name="testAction3" finished-at="2022-06-25T18:55:40Z" duration-ms="24234" status="PASS">
          <reporter-output>
          </reporter-output>
        </test-method> <!-- testAction3 -->
        <test-method is-config="true" signature="tearDown(org.testng.ITestResult)[pri:0, instance:com.jsp.tests.Action@3ddc6915]" started-at="2022-06-25T18:55:40Z" name="tearDown" finished-at="2022-06-25T18:56:07Z" duration-ms="26694" status="PASS">
          <params>
            <param index="0">
              <value>
                <![CDATA[[TestResult name=testAction3 status=SUCCESS method=Action.testAction3()[pri:0, instance:com.jsp.tests.Action@3ddc6915] output={null}]]]>
              </value>
            </param>
          </params>
          <reporter-output>
          </reporter-output>
        </test-method> <!-- tearDown -->
        <test-method is-config="true" signature="tearDown(org.testng.ITestResult)[pri:0, instance:com.jsp.tests.Action@3ddc6915]" started-at="2022-06-25T18:55:47Z" name="tearDown" finished-at="2022-06-25T18:56:26Z" duration-ms="39195" status="PASS">
          <params>
            <param index="0">
              <value>
                <![CDATA[[TestResult name=testAction2 status=SUCCESS method=Action.testAction2()[pri:0, instance:com.jsp.tests.Action@3ddc6915] output={null}]]]>
              </value>
            </param>
          </params>
          <reporter-output>
          </reporter-output>
        </test-method> <!-- tearDown -->
        <test-method is-config="true" signature="setUp()[pri:0, instance:com.jsp.tests.Action@3ddc6915]" started-at="2022-06-25T18:56:07Z" name="setUp" finished-at="2022-06-25T18:56:40Z" duration-ms="33401" status="PASS">
          <reporter-output>
          </reporter-output>
        </test-method> <!-- setUp -->
        <test-method is-config="true" signature="setUp()[pri:0, instance:com.jsp.tests.Action@3ddc6915]" started-at="2022-06-25T18:56:26Z" name="setUp" finished-at="2022-06-25T18:56:51Z" duration-ms="25095" status="PASS">
          <reporter-output>
          </reporter-output>
        </test-method> <!-- setUp -->
        <test-method is-config="true" signature="tearDown(org.testng.ITestResult)[pri:0, instance:com.jsp.tests.Action@3ddc6915]" started-at="2022-06-25T18:56:33Z" name="tearDown" finished-at="2022-06-25T18:56:52Z" duration-ms="18568" status="PASS">
          <params>
            <param index="0">
              <value>
                <![CDATA[[TestResult name=testAction1 status=SUCCESS method=Action.testAction1()[pri:0, instance:com.jsp.tests.Action@3ddc6915] output={null}]]]>
              </value>
            </param>
          </params>
          <reporter-output>
          </reporter-output>
        </test-method> <!-- tearDown -->
        <test-method signature="testAction4()[pri:0, instance:com.jsp.tests.Action@3ddc6915]" started-at="2022-06-25T18:56:40Z" name="testAction4" finished-at="2022-06-25T18:58:07Z" duration-ms="86821" status="PASS">
          <reporter-output>
          </reporter-output>
        </test-method> <!-- testAction4 -->
        <test-method is-config="true" signature="setUp()[pri:0, instance:com.jsp.tests.Action@3ddc6915]" started-at="2022-06-25T18:56:41Z" name="setUp" finished-at="2022-06-25T18:57:17Z" duration-ms="36520" status="PASS">
          <reporter-output>
          </reporter-output>
        </test-method> <!-- setUp -->
        <test-method signature="testAction5()[pri:0, instance:com.jsp.tests.Action@3ddc6915]" started-at="2022-06-25T18:56:51Z" name="testAction5" finished-at="2022-06-25T18:57:24Z" duration-ms="32629" status="PASS">
          <reporter-output>
          </reporter-output>
        </test-method> <!-- testAction5 -->
        <test-method is-config="true" signature="setUp()[pri:0, instance:com.jsp.tests.Action@3ddc6915]" started-at="2022-06-25T18:56:52Z" name="setUp" finished-at="2022-06-25T18:57:36Z" duration-ms="44062" status="PASS">
          <reporter-output>
          </reporter-output>
        </test-method> <!-- setUp -->
        <test-method signature="testAction6()[pri:0, instance:com.jsp.tests.Action@3ddc6915]" started-at="2022-06-25T18:57:17Z" name="testAction6" finished-at="2022-06-25T18:57:31Z" duration-ms="13481" status="FAIL">
          <exception class="org.openqa.selenium.interactions.MoveTargetOutOfBoundsException">
            <message>
              <![CDATA[move target out of bounds
  (Session info: chrome=102.0.5005.115)
Build info: version: '3.141.59', revision: 'e82be7d358', time: '2018-11-14T08:17:03'
System info: host: 'SHRADDHA-PC', ip: '192.168.29.116', os.name: 'Windows 7', os.arch: 'amd64', os.version: '6.1', java.version: '15.0.1'
Driver info: org.openqa.selenium.chrome.ChromeDriver
Capabilities {acceptInsecureCerts: false, browserName: chrome, browserVersion: 102.0.5005.115, chrome: {chromedriverVersion: 102.0.5005.61 (0e59bcc00cc4..., userDataDir: C:\Users\SHRADD~1\AppData\L...}, goog:chromeOptions: {debuggerAddress: localhost:50971}, javascriptEnabled: true, networkConnectionEnabled: false, pageLoadStrategy: normal, platform: WINDOWS, platformName: WINDOWS, proxy: Proxy(), setWindowRect: true, strictFileInteractability: false, timeouts: {implicit: 0, pageLoad: 300000, script: 30000}, unhandledPromptBehavior: dismiss and notify, webauthn:extension:credBlob: true, webauthn:extension:largeBlob: true, webauthn:virtualAuthenticators: true}
Session ID: 549c72acc67b06efa1a3b72a6e36fcef]]>
            </message>
            <full-stacktrace>
              <![CDATA[org.openqa.selenium.interactions.MoveTargetOutOfBoundsException: move target out of bounds
  (Session info: chrome=102.0.5005.115)
Build info: version: '3.141.59', revision: 'e82be7d358', time: '2018-11-14T08:17:03'
System info: host: 'SHRADDHA-PC', ip: '192.168.29.116', os.name: 'Windows 7', os.arch: 'amd64', os.version: '6.1', java.version: '15.0.1'
Driver info: org.openqa.selenium.chrome.ChromeDriver
Capabilities {acceptInsecureCerts: false, browserName: chrome, browserVersion: 102.0.5005.115, chrome: {chromedriverVersion: 102.0.5005.61 (0e59bcc00cc4..., userDataDir: C:\Users\SHRADD~1\AppData\L...}, goog:chromeOptions: {debuggerAddress: localhost:50971}, javascriptEnabled: true, networkConnectionEnabled: false, pageLoadStrategy: normal, platform: WINDOWS, platformName: WINDOWS, proxy: Proxy(), setWindowRect: true, strictFileInteractability: false, timeouts: {implicit: 0, pageLoad: 300000, script: 30000}, unhandledPromptBehavior: dismiss and notify, webauthn:extension:credBlob: true, webauthn:extension:largeBlob: true, webauthn:virtualAuthenticators: true}
Session ID: 549c72acc67b06efa1a3b72a6e36fcef
at java.base/jdk.internal.reflect.NativeConstructorAccessorImpl.newInstance0(Native Method)
at java.base/jdk.internal.reflect.NativeConstructorAccessorImpl.newInstance(NativeConstructorAccessorImpl.java:64)
at java.base/jdk.internal.reflect.DelegatingConstructorAccessorImpl.newInstance(DelegatingConstructorAccessorImpl.java:45)
at java.base/java.lang.reflect.Constructor.newInstanceWithCaller(Constructor.java:500)
at java.base/java.lang.reflect.Constructor.newInstance(Constructor.java:481)
at org.openqa.selenium.remote.http.W3CHttpResponseCodec.createException(W3CHttpResponseCodec.java:187)
at org.openqa.selenium.remote.http.W3CHttpResponseCodec.decode(W3CHttpResponseCodec.java:122)
at org.openqa.selenium.remote.http.W3CHttpResponseCodec.decode(W3CHttpResponseCodec.java:49)
at org.openqa.selenium.remote.HttpCommandExecutor.execute(HttpCommandExecutor.java:158)
at org.openqa.selenium.remote.service.DriverCommandExecutor.execute(DriverCommandExecutor.java:83)
at org.openqa.selenium.remote.RemoteWebDriver.execute(RemoteWebDriver.java:552)
at org.openqa.selenium.remote.RemoteWebDriver.perform(RemoteWebDriver.java:618)
at org.openqa.selenium.interactions.Actions$BuiltAction.perform(Actions.java:639)
at com.jsp.tests.Action.testAction6(Action.java:198)
at java.base/jdk.internal.reflect.NativeMethodAccessorImpl.invoke0(Native Method)
at java.base/jdk.internal.reflect.NativeMethodAccessorImpl.invoke(NativeMethodAccessorImpl.java:64)
at java.base/jdk.internal.reflect.DelegatingMethodAccessorImpl.invoke(DelegatingMethodAccessorImpl.java:43)
at java.base/java.lang.reflect.Method.invoke(Method.java:564)
at org.testng.internal.MethodInvocationHelper.invokeMethod(MethodInvocationHelper.java:124)
at org.testng.internal.Invoker.invokeMethod(Invoker.java:583)
at org.testng.internal.Invoker.invokeTestMethod(Invoker.java:719)
at org.testng.internal.Invoker.invokeTestMethods(Invoker.java:989)
at org.testng.internal.TestMethodWorker.invokeTestMethods(TestMethodWorker.java:125)
at org.testng.internal.TestMethodWorker.run(TestMethodWorker.java:109)
at java.base/java.util.concurrent.ThreadPoolExecutor.runWorker(ThreadPoolExecutor.java:1130)
at java.base/java.util.concurrent.ThreadPoolExecutor$Worker.run(ThreadPoolExecutor.java:630)
at java.base/java.lang.Thread.run(Thread.java:832)
]]>
            </full-stacktrace>
          </exception> <!-- org.openqa.selenium.interactions.MoveTargetOutOfBoundsException -->
          <reporter-output>
          </reporter-output>
        </test-method> <!-- testAction6 -->
        <test-method is-config="true" signature="tearDown(org.testng.ITestResult)[pri:0, instance:com.jsp.tests.Action@3ddc6915]" started-at="2022-06-25T18:57:24Z" name="tearDown" finished-at="2022-06-25T18:57:36Z" duration-ms="12819" status="PASS">
          <params>
            <param index="0">
              <value>
                <![CDATA[[TestResult name=testAction5 status=SUCCESS method=Action.testAction5()[pri:0, instance:com.jsp.tests.Action@3ddc6915] output={null}]]]>
              </value>
            </param>
          </params>
          <reporter-output>
          </reporter-output>
        </test-method> <!-- tearDown -->
        <test-method is-config="true" signature="tearDown(org.testng.ITestResult)[pri:0, instance:com.jsp.tests.Action@3ddc6915]" started-at="2022-06-25T18:57:32Z" name="tearDown" finished-at="2022-06-25T18:57:40Z" duration-ms="8494" status="PASS">
          <params>
            <param index="0">
              <value>
                <![CDATA[[TestResult name=testAction6 status=FAILURE method=Action.testAction6()[pri:0, instance:com.jsp.tests.Action@3ddc6915] output={null}]]]>
              </value>
            </param>
          </params>
          <reporter-output>
          </reporter-output>
        </test-method> <!-- tearDown -->
        <test-method signature="testAction7()[pri:0, instance:com.jsp.tests.Action@3ddc6915]" started-at="2022-06-25T18:57:36Z" name="testAction7" finished-at="2022-06-25T18:57:55Z" duration-ms="19325" status="PASS">
          <reporter-output>
          </reporter-output>
        </test-method> <!-- testAction7 -->
        <test-method is-config="true" signature="setUp()[pri:0, instance:com.jsp.tests.Action@3ddc6915]" started-at="2022-06-25T18:57:36Z" name="setUp" finished-at="2022-06-25T18:58:03Z" duration-ms="26423" status="PASS">
          <reporter-output>
          </reporter-output>
        </test-method> <!-- setUp -->
        <test-method is-config="true" signature="setUp()[pri:0, instance:com.jsp.tests.Action@3ddc6915]" started-at="2022-06-25T18:57:37Z" name="setUp" finished-at="2022-06-25T18:58:03Z" duration-ms="26204" status="PASS">
          <reporter-output>
          </reporter-output>
        </test-method> <!-- setUp -->
        <test-method is-config="true" signature="tearDown(org.testng.ITestResult)[pri:0, instance:com.jsp.tests.Action@3ddc6915]" started-at="2022-06-25T18:57:55Z" name="tearDown" finished-at="2022-06-25T18:58:12Z" duration-ms="17245" status="PASS">
          <params>
            <param index="0">
              <value>
                <![CDATA[[TestResult name=testAction7 status=SUCCESS method=Action.testAction7()[pri:0, instance:com.jsp.tests.Action@3ddc6915] output={null}]]]>
              </value>
            </param>
          </params>
          <reporter-output>
          </reporter-output>
        </test-method> <!-- tearDown -->
        <test-method signature="testAction8()[pri:0, instance:com.jsp.tests.Action@3ddc6915]" started-at="2022-06-25T18:58:03Z" name="testAction8" finished-at="2022-06-25T18:58:56Z" duration-ms="52920" status="PASS">
          <reporter-output>
          </reporter-output>
        </test-method> <!-- testAction8 -->
        <test-method signature="testAction9()[pri:0, instance:com.jsp.tests.Action@3ddc6915]" started-at="2022-06-25T18:58:03Z" name="testAction9" finished-at="2022-06-25T18:58:11Z" duration-ms="7846" status="PASS">
          <reporter-output>
          </reporter-output>
        </test-method> <!-- testAction9 -->
        <test-method is-config="true" signature="tearDown(org.testng.ITestResult)[pri:0, instance:com.jsp.tests.Action@3ddc6915]" started-at="2022-06-25T18:58:07Z" name="tearDown" finished-at="2022-06-25T18:58:19Z" duration-ms="11554" status="PASS">
          <params>
            <param index="0">
              <value>
                <![CDATA[[TestResult name=testAction4 status=SUCCESS method=Action.testAction4()[pri:0, instance:com.jsp.tests.Action@3ddc6915] output={null}]]]>
              </value>
            </param>
          </params>
          <reporter-output>
          </reporter-output>
        </test-method> <!-- tearDown -->
        <test-method is-config="true" signature="tearDown(org.testng.ITestResult)[pri:0, instance:com.jsp.tests.Action@3ddc6915]" started-at="2022-06-25T18:58:11Z" name="tearDown" finished-at="2022-06-25T18:58:16Z" duration-ms="4950" status="PASS">
          <params>
            <param index="0">
              <value>
                <![CDATA[[TestResult name=testAction9 status=SUCCESS method=Action.testAction9()[pri:0, instance:com.jsp.tests.Action@3ddc6915] output={null}]]]>
              </value>
            </param>
          </params>
          <reporter-output>
          </reporter-output>
        </test-method> <!-- tearDown -->
        <test-method is-config="true" signature="tearDown(org.testng.ITestResult)[pri:0, instance:com.jsp.tests.Action@3ddc6915]" started-at="2022-06-25T18:58:56Z" name="tearDown" finished-at="2022-06-25T18:59:57Z" duration-ms="61531" status="PASS">
          <params>
            <param index="0">
              <value>
                <![CDATA[[TestResult name=testAction8 status=SUCCESS method=Action.testAction8()[pri:0, instance:com.jsp.tests.Action@3ddc6915] output={null}]]]>
              </value>
            </param>
          </params>
          <reporter-output>
          </reporter-output>
        </test-method> <!-- tearDown -->
      </class> <!-- com.jsp.tests.Action -->
      <class name="com.jsp.tests.HighlightElementJS">
        <test-method is-config="true" signature="setUp()[pri:0, instance:com.jsp.tests.HighlightElementJS@27508c5d]" started-at="2022-06-25T19:05:26Z" name="setUp" finished-at="2022-06-25T19:05:29Z" duration-ms="3290" status="PASS">
          <reporter-output>
          </reporter-output>
        </test-method> <!-- setUp -->
        <test-method signature="highlightElementJS()[pri:0, instance:com.jsp.tests.HighlightElementJS@27508c5d]" started-at="2022-06-25T19:05:29Z" name="highlightElementJS" finished-at="2022-06-25T19:05:36Z" duration-ms="6961" status="PASS">
          <reporter-output>
          </reporter-output>
        </test-method> <!-- highlightElementJS -->
        <test-method is-config="true" signature="tearDown(org.testng.ITestResult)[pri:0, instance:com.jsp.tests.HighlightElementJS@27508c5d]" started-at="2022-06-25T19:05:36Z" name="tearDown" finished-at="2022-06-25T19:05:40Z" duration-ms="3980" status="PASS">
          <params>
            <param index="0">
              <value>
                <![CDATA[[TestResult name=highlightElementJS status=SUCCESS method=HighlightElementJS.highlightElementJS()[pri:0, instance:com.jsp.tests.HighlightElementJS@27508c5d] output={null}]]]>
              </value>
            </param>
          </params>
          <reporter-output>
          </reporter-output>
        </test-method> <!-- tearDown -->
      </class> <!-- com.jsp.tests.HighlightElementJS -->
      <class name="com.jsp.tests.BrokenLinksTest">
        <test-method is-config="true" signature="setUp()[pri:0, instance:com.jsp.tests.BrokenLinksTest@4f704591]" started-at="2022-06-25T19:12:09Z" name="setUp" finished-at="2022-06-25T19:12:12Z" duration-ms="3591" status="PASS">
          <reporter-output>
          </reporter-output>
        </test-method> <!-- setUp -->
        <test-method signature="getLinks()[pri:1, instance:com.jsp.tests.BrokenLinksTest@4f704591]" started-at="2022-06-25T19:12:12Z" name="getLinks" finished-at="2022-06-25T19:12:33Z" duration-ms="20672" status="PASS">
          <reporter-output>
          </reporter-output>
        </test-method> <!-- getLinks -->
        <test-method is-config="true" signature="tearDown(org.testng.ITestResult)[pri:0, instance:com.jsp.tests.BrokenLinksTest@4f704591]" started-at="2022-06-25T19:12:33Z" name="tearDown" finished-at="2022-06-25T19:12:34Z" duration-ms="1118" status="PASS">
          <params>
            <param index="0">
              <value>
                <![CDATA[[TestResult name=getLinks status=SUCCESS method=BrokenLinksTest.getLinks()[pri:1, instance:com.jsp.tests.BrokenLinksTest@4f704591] output={null}]]]>
              </value>
            </param>
          </params>
          <reporter-output>
          </reporter-output>
        </test-method> <!-- tearDown -->
      </class> <!-- com.jsp.tests.BrokenLinksTest -->
      <class name="com.jsp.assignments.CheckBoxTest">
        <test-method is-config="true" signature="setUp()[pri:0, instance:com.jsp.assignments.CheckBoxTest@3e2059ae]" started-at="2022-06-25T18:53:37Z" name="setUp" finished-at="2022-06-25T18:55:16Z" duration-ms="98899" status="PASS">
          <reporter-output>
          </reporter-output>
        </test-method> <!-- setUp -->
        <test-method signature="checkBoxTest()[pri:0, instance:com.jsp.assignments.CheckBoxTest@3e2059ae]" started-at="2022-06-25T18:55:16Z" name="checkBoxTest" finished-at="2022-06-25T18:56:16Z" duration-ms="59919" status="PASS">
          <reporter-output>
          </reporter-output>
        </test-method> <!-- checkBoxTest -->
        <test-method is-config="true" signature="tearDown(org.testng.ITestResult)[pri:0, instance:com.jsp.assignments.CheckBoxTest@3e2059ae]" started-at="2022-06-25T18:56:16Z" name="tearDown" finished-at="2022-06-25T18:56:41Z" duration-ms="24667" status="PASS">
          <params>
            <param index="0">
              <value>
                <![CDATA[[TestResult name=checkBoxTest status=SUCCESS method=CheckBoxTest.checkBoxTest()[pri:0, instance:com.jsp.assignments.CheckBoxTest@3e2059ae] output={null}]]]>
              </value>
            </param>
          </params>
          <reporter-output>
          </reporter-output>
        </test-method> <!-- tearDown -->
      </class> <!-- com.jsp.assignments.CheckBoxTest -->
      <class name="com.jsp.tests.ScreenShotElementCrop">
        <test-method is-config="true" signature="setUp()[pri:0, instance:com.jsp.tests.ScreenShotElementCrop@57ad2aa7]" started-at="2022-06-25T19:06:49Z" name="setUp" finished-at="2022-06-25T19:07:25Z" duration-ms="35429" status="PASS">
          <reporter-output>
          </reporter-output>
        </test-method> <!-- setUp -->
        <test-method signature="screenShotElementCrop()[pri:0, instance:com.jsp.tests.ScreenShotElementCrop@57ad2aa7]" started-at="2022-06-25T19:07:25Z" name="screenShotElementCrop" finished-at="2022-06-25T19:07:44Z" duration-ms="19401" status="FAIL">
          <exception class="org.openqa.selenium.NoSuchElementException">
            <message>
              <![CDATA[no such element: Unable to locate element: {"method":"css selector","selector":"#wp\-submit"}
  (Session info: chrome=102.0.5005.115)
For documentation on this error, please visit: https://www.seleniumhq.org/exceptions/no_such_element.html
Build info: version: '3.141.59', revision: 'e82be7d358', time: '2018-11-14T08:17:03'
System info: host: 'SHRADDHA-PC', ip: '192.168.29.116', os.name: 'Windows 7', os.arch: 'amd64', os.version: '6.1', java.version: '15.0.1'
Driver info: org.openqa.selenium.chrome.ChromeDriver
Capabilities {acceptInsecureCerts: false, browserName: chrome, browserVersion: 102.0.5005.115, chrome: {chromedriverVersion: 102.0.5005.61 (0e59bcc00cc4..., userDataDir: C:\Users\SHRADD~1\AppData\L...}, goog:chromeOptions: {debuggerAddress: localhost:53448}, javascriptEnabled: true, networkConnectionEnabled: false, pageLoadStrategy: normal, platform: WINDOWS, platformName: WINDOWS, proxy: Proxy(), setWindowRect: true, strictFileInteractability: false, timeouts: {implicit: 0, pageLoad: 300000, script: 30000}, unhandledPromptBehavior: dismiss and notify, webauthn:extension:credBlob: true, webauthn:extension:largeBlob: true, webauthn:virtualAuthenticators: true}
Session ID: 7ec259be484b90608e3caad1c4d9e2cf
*** Element info: {Using=id, value=wp-submit}]]>
            </message>
            <full-stacktrace>
              <![CDATA[org.openqa.selenium.NoSuchElementException: no such element: Unable to locate element: {"method":"css selector","selector":"#wp\-submit"}
  (Session info: chrome=102.0.5005.115)
For documentation on this error, please visit: https://www.seleniumhq.org/exceptions/no_such_element.html
Build info: version: '3.141.59', revision: 'e82be7d358', time: '2018-11-14T08:17:03'
System info: host: 'SHRADDHA-PC', ip: '192.168.29.116', os.name: 'Windows 7', os.arch: 'amd64', os.version: '6.1', java.version: '15.0.1'
Driver info: org.openqa.selenium.chrome.ChromeDriver
[...]
        </test-method> <!-- setUp -->
        <test-method signature="verifyPromptAlert()[pri:0, instance:com.jsp.tests.AlertDemo@704deff2]" started-at="2022-06-25T18:58:22Z" name="verifyPromptAlert" finished-at="2022-06-25T19:09:23Z" duration-ms="660835" status="PASS">
          <reporter-output>
          </reporter-output>
        </test-method> <!-- verifyPromptAlert -->
        <test-method is-config="true" signature="tearDown(org.testng.ITestResult)[pri:0, instance:com.jsp.tests.AlertDemo@704deff2]" started-at="2022-06-25T19:09:23Z" name="tearDown" finished-at="2022-06-25T19:09:26Z" duration-ms="3044" status="PASS">
          <params>
            <param index="0">
              <value>
                <![CDATA[[TestResult name=verifyPromptAlert status=SUCCESS method=AlertDemo.verifyPromptAlert()[pri:0, instance:com.jsp.tests.AlertDemo@704deff2] output={null}]]]>
              </value>
            </param>
          </params>
          <reporter-output>
          </reporter-output>
        </test-method> <!-- tearDown -->
      </class> <!-- com.jsp.tests.AlertDemo -->
      <class name="com.jsp.tests.Waits">
        <test-method is-config="true" signature="setUp()[pri:0, instance:com.jsp.tests.Waits@1e81f160]" started-at="2022-06-25T19:08:22Z" name="setUp" finished-at="2022-06-25T19:08:25Z" duration-ms="3509" status="PASS">
          <reporter-output>
          </reporter-output>
        </test-method> <!-- setUp -->
        <test-method signature="threadSleepDemo6()[pri:0, instance:com.jsp.tests.Waits@1e81f160]" started-at="2022-06-25T19:08:25Z" name="threadSleepDemo6" finished-at="2022-06-25T19:08:59Z" duration-ms="33386" status="PASS">
          <reporter-output>
          </reporter-output>
        </test-method> <!-- threadSleepDemo6 -->
        <test-method is-config="true" signature="tearDown(org.testng.ITestResult)[pri:0, instance:com.jsp.tests.Waits@1e81f160]" started-at="2022-06-25T19:08:59Z" name="tearDown" finished-at="2022-06-25T19:09:06Z" duration-ms="6936" status="PASS">
          <params>
            <param index="0">
              <value>
                <![CDATA[[TestResult name=threadSleepDemo6 status=SUCCESS method=Waits.threadSleepDemo6()[pri:0, instance:com.jsp.tests.Waits@1e81f160] output={null}]]]>
              </value>
            </param>
          </params>
          <reporter-output>
          </reporter-output>
        </test-method> <!-- tearDown -->
      </class> <!-- com.jsp.tests.Waits -->
      <class name="com.jsp.tests.ExcelPOIDataProvider">
        <test-method signature="excelFileReadDP(java.lang.String, java.lang.String)[pri:0, instance:com.jsp.tests.ExcelPOIDataProvider@16aa8654]" started-at="2022-06-25T19:04:22Z" name="excelFileReadDP" data-provider="getCellData" finished-at="2022-06-25T19:05:00Z" duration-ms="37753" status="FAIL">
          <exception class="org.testng.internal.reflect.MethodMatcherException">
            <message>
              <![CDATA[
Data provider mismatch
Method: excelFileReadDP([Parameter{index=0, type=java.lang.String, declaredAnnotations=[]}, Parameter{index=1, type=java.lang.String, declaredAnnotations=[]}])
Arguments: [(java.lang.String) shraddha,(java.lang.String) 123456,(java.lang.String) shraddha,(java.lang.String) thakur]]]>
            </message>
            <full-stacktrace>
              <![CDATA[org.testng.internal.reflect.MethodMatcherException: 
Data provider mismatch
Method: excelFileReadDP([Parameter{index=0, type=java.lang.String, declaredAnnotations=[]}, Parameter{index=1, type=java.lang.String, declaredAnnotations=[]}])
Arguments: [(java.lang.String) shraddha,(java.lang.String) 123456,(java.lang.String) shraddha,(java.lang.String) thakur]
at org.testng.internal.reflect.DataProviderMethodMatcher.getConformingArguments(DataProviderMethodMatcher.java:45)
at org.testng.internal.Parameters.injectParameters(Parameters.java:796)
at org.testng.internal.Invoker.invokeTestMethods(Invoker.java:983)
at org.testng.internal.TestMethodWorker.invokeTestMethods(TestMethodWorker.java:125)
at org.testng.internal.TestMethodWorker.run(TestMethodWorker.java:109)
at java.base/java.util.concurrent.ThreadPoolExecutor.runWorker(ThreadPoolExecutor.java:1130)
at java.base/java.util.concurrent.ThreadPoolExecutor$Worker.run(ThreadPoolExecutor.java:630)
at java.base/java.lang.Thread.run(Thread.java:832)
]]>
            </full-stacktrace>
          </exception> <!-- org.testng.internal.reflect.MethodMatcherException -->
          <reporter-output>
          </reporter-output>
        </test-method> <!-- excelFileReadDP -->
      </class> <!-- com.jsp.tests.ExcelPOIDataProvider -->
      <class name="com.jsp.tests.DropDownListSortedOrNot">
        <test-method is-config="true" signature="setUp()[pri:0, instance:com.jsp.tests.DropDownListSortedOrNot@389c4eb1]" started-at="2022-06-25T19:03:06Z" name="setUp" finished-at="2022-06-25T19:03:15Z" duration-ms="8572" status="PASS">
          <reporter-output>
          </reporter-output>
        </test-method> <!-- setUp -->
        <test-method signature="dropDownListSortedOrNot()[pri:0, instance:com.jsp.tests.DropDownListSortedOrNot@389c4eb1]" started-at="2022-06-25T19:03:15Z" name="dropDownListSortedOrNot" finished-at="2022-06-25T19:03:50Z" duration-ms="35465" status="FAIL">
          <exception class="java.lang.AssertionError">
            <message>
              <![CDATA[expected [true] but found [false]]]>
            </message>
            <full-stacktrace>
              <![CDATA[java.lang.AssertionError: expected [true] but found [false]
at org.testng.Assert.fail(Assert.java:96)
at org.testng.Assert.failNotEquals(Assert.java:776)
at org.testng.Assert.assertEqualsImpl(Assert.java:137)
at org.testng.Assert.assertEquals(Assert.java:118)
at org.testng.Assert.assertEquals(Assert.java:568)
at org.testng.Assert.assertEquals(Assert.java:578)
at com.jsp.tests.DropDownListSortedOrNot.dropDownListSortedOrNot(DropDownListSortedOrNot.java:43)
at java.base/jdk.internal.reflect.NativeMethodAccessorImpl.invoke0(Native Method)
at java.base/jdk.internal.reflect.NativeMethodAccessorImpl.invoke(NativeMethodAccessorImpl.java:64)
at java.base/jdk.internal.reflect.DelegatingMethodAccessorImpl.invoke(DelegatingMethodAccessorImpl.java:43)
at java.base/java.lang.reflect.Method.invoke(Method.java:564)
at org.testng.internal.MethodInvocationHelper.invokeMethod(MethodInvocationHelper.java:124)
at org.testng.internal.Invoker.invokeMethod(Invoker.java:583)
at org.testng.internal.Invoker.invokeTestMethod(Invoker.java:719)
at org.testng.internal.Invoker.invokeTestMethods(Invoker.java:989)
at org.testng.internal.TestMethodWorker.invokeTestMethods(TestMethodWorker.java:125)
at org.testng.internal.TestMethodWorker.run(TestMethodWorker.java:109)
at java.base/java.util.concurrent.ThreadPoolExecutor.runWorker(ThreadPoolExecutor.java:1130)
at java.base/java.util.concurrent.ThreadPoolExecutor$Worker.run(ThreadPoolExecutor.java:630)
at java.base/java.lang.Thread.run(Thread.java:832)
]]>
            </full-stacktrace>
          </exception> <!-- java.lang.AssertionError -->
          <reporter-output>
          </reporter-output>
        </test-method> <!-- dropDownListSortedOrNot -->
        <test-method is-config="true" signature="tearDown(org.testng.ITestResult)[pri:0, instance:com.jsp.tests.DropDownListSortedOrNot@389c4eb1]" started-at="2022-06-25T19:03:50Z" name="tearDown" finished-at="2022-06-25T19:04:01Z" duration-ms="10667" status="PASS">
          <params>
            <param index="0">
              <value>
                <![CDATA[[TestResult name=dropDownListSortedOrNot status=FAILURE method=DropDownListSortedOrNot.dropDownListSortedOrNot()[pri:0, instance:com.jsp.tests.DropDownListSortedOrNot@389c4eb1] output={null}]]]>
              </value>
            </param>
          </params>
          <reporter-output>
          </reporter-output>
        </test-method> <!-- tearDown -->
      </class> <!-- com.jsp.tests.DropDownListSortedOrNot -->
      <class name="com.jsp.basepackagesimple.BaseClass">
        <test-method is-config="true" signature="setExtent()[pri:0, instance:com.jsp.basepackagesimple.BaseClass@44a59da3]" started-at="2022-06-25T18:53:32Z" name="setExtent" finished-at="2022-06-25T18:53:36Z" duration-ms="4133" status="PASS">
          <reporter-output>
          </reporter-output>
        </test-method> <!-- setExtent -->
        <test-method is-config="true" signature="beforeSuite()[pri:0, instance:com.jsp.tests.DynamicWebTable@2d9caaeb]" started-at="2022-06-25T18:53:36Z" name="beforeSuite" finished-at="2022-06-25T18:53:37Z" duration-ms="1011" status="PASS">
          <reporter-output>
          </reporter-output>
        </test-method> <!-- beforeSuite -->
        <test-method is-config="true" signature="beforeSuite()[pri:0, instance:com.jsp.basepackage.xBaseTestClass@42a15bdc]" started-at="2022-06-25T18:53:37Z" name="beforeSuite" finished-at="2022-06-25T18:53:37Z" duration-ms="1" status="PASS">
          <reporter-output>
          </reporter-output>
        </test-method> <!-- beforeSuite -->
        <test-method is-config="true" signature="endReport()[pri:0, instance:com.jsp.basepackagesimple.BaseClass@44a59da3]" started-at="2022-06-25T19:14:10Z" name="endReport" finished-at="2022-06-25T19:14:12Z" duration-ms="1360" status="PASS">
          <reporter-output>
          </reporter-output>
        </test-method> <!-- endReport -->
        <test-method is-config="true" signature="afterSuite()[pri:0, instance:com.jsp.tests.DynamicWebTable@2d9caaeb]" started-at="2022-06-25T19:14:12Z" name="afterSuite" finished-at="2022-06-25T19:14:15Z" duration-ms="2755" status="PASS">
          <reporter-output>
          </reporter-output>
        </test-method> <!-- afterSuite -->
        <test-method is-config="true" signature="afterSuite()[pri:0, instance:com.jsp.basepackage.xBaseTestClass@42a15bdc]" started-at="2022-06-25T19:14:15Z" name="afterSuite" finished-at="2022-06-25T19:14:15Z" duration-ms="859" status="PASS">
          <reporter-output>
          </reporter-output>
        </test-method> <!-- afterSuite -->
      </class> <!-- com.jsp.basepackagesimple.BaseClass -->
      <class name="com.jsp.tests.CheckBoxex">
        <test-method is-config="true" signature="setUp()[pri:0, instance:com.jsp.tests.CheckBoxex@7cb502c]" started-at="2022-06-25T19:00:43Z" name="setUp" finished-at="2022-06-25T19:00:55Z" duration-ms="12212" status="PASS">
          <reporter-output>
          </reporter-output>
        </test-method> <!-- setUp -->
        <test-method signature="checkBoxTest()[pri:0, instance:com.jsp.tests.CheckBoxex@7cb502c]" started-at="2022-06-25T19:00:55Z" name="checkBoxTest" finished-at="2022-06-25T19:01:12Z" duration-ms="17057" status="PASS">
          <reporter-output>
          </reporter-output>
        </test-method> <!-- checkBoxTest -->
        <test-method is-config="true" signature="tearDown(org.testng.ITestResult)[pri:0, instance:com.jsp.tests.CheckBoxex@7cb502c]" started-at="2022-06-25T19:01:12Z" name="tearDown" finished-at="2022-06-25T19:01:20Z" duration-ms="7415" status="PASS">
          <params>
            <param index="0">
              <value>
                <![CDATA[[TestResult name=checkBoxTest status=SUCCESS method=CheckBoxex.checkBoxTest()[pri:0, instance:com.jsp.tests.CheckBoxex@7cb502c] output={null}]]]>
              </value>
            </param>
          </params>
          <reporter-output>
          </reporter-output>
        </test-method> <!-- tearDown -->
      </class> <!-- com.jsp.tests.CheckBoxex -->
      <class name="com.jsp.tests.DragAndDropDemo">
        <test-method is-config="true" signature="setUp()[pri:0, instance:com.jsp.tests.DragAndDropDemo@404bbcbd]" started-at="2022-06-25T19:01:47Z" name="setUp" finished-at="2022-06-25T19:01:58Z" duration-ms="10906" status="PASS">
          <reporter-output>
          </reporter-output>
        </test-method> <!-- setUp -->
        <test-method signature="verifyDragAndDropDemo()[pri:0, instance:com.jsp.tests.DragAndDropDemo@404bbcbd]" started-at="2022-06-25T19:01:58Z" name="verifyDragAndDropDemo" finished-at="2022-06-25T19:02:38Z" duration-ms="40429" status="FAIL">
          <exception class="org.openqa.selenium.NoSuchElementException">
            <message>
              <![CDATA[no such element: Unable to locate element: {"method":"xpath","selector":"//div/p[(text()='Dropped!')]"}
  (Session info: chrome=102.0.5005.115)
For documentation on this error, please visit: https://www.seleniumhq.org/exceptions/no_such_element.html
Build info: version: '3.141.59', revision: 'e82be7d358', time: '2018-11-14T08:17:03'
System info: host: 'SHRADDHA-PC', ip: '192.168.29.116', os.name: 'Windows 7', os.arch: 'amd64', os.version: '6.1', java.version: '15.0.1'
Driver info: org.openqa.selenium.chrome.ChromeDriver
Capabilities {acceptInsecureCerts: false, browserName: chrome, browserVersion: 102.0.5005.115, chrome: {chromedriverVersion: 102.0.5005.61 (0e59bcc00cc4..., userDataDir: C:\Users\SHRADD~1\AppData\L...}, goog:chromeOptions: {debuggerAddress: localhost:52071}, javascriptEnabled: true, networkConnectionEnabled: false, pageLoadStrategy: normal, platform: WINDOWS, platformName: WINDOWS, proxy: Proxy(), setWindowRect: true, strictFileInteractability: false, timeouts: {implicit: 0, pageLoad: 300000, script: 30000}, unhandledPromptBehavior: dismiss and notify, webauthn:extension:credBlob: true, webauthn:extension:largeBlob: true, webauthn:virtualAuthenticators: true}
Session ID: 8e959ba14c996e3fb571ef8888ebdb6e
*** Element info: {Using=xpath, value=//div/p[(text()='Dropped!')]}]]>
            </message>
            <full-stacktrace>
              <![CDATA[org.openqa.selenium.NoSuchElementException: no such element: Unable to locate element: {"method":"xpath","selector":"//div/p[(text()='Dropped!')]"}
  (Session info: chrome=102.0.5005.115)
For documentation on this error, please visit: https://www.seleniumhq.org/exceptions/no_such_element.html
Build info: version: '3.141.59', revision: 'e82be7d358', time: '2018-11-14T08:17:03'
System info: host: 'SHRADDHA-PC', ip: '192.168.29.116', os.name: 'Windows 7', os.arch: 'amd64', os.version: '6.1', java.version: '15.0.1'
Driver info: org.openqa.selenium.chrome.ChromeDriver
Capabilities {acceptInsecureCerts: false, browserName: chrome, browserVersion: 102.0.5005.115, chrome: {chromedriverVersion: 102.0.5005.61 (0e59bcc00cc4..., userDataDir: C:\Users\SHRADD~1\AppData\L...}, goog:chromeOptions: {debuggerAddress: localhost:52071}, javascriptEnabled: true, networkConnectionEnabled: false, pageLoadStrategy: normal, platform: WINDOWS, platformName: WINDOWS, proxy: Proxy(), setWindowRect: true, strictFileInteractability: false, timeouts: {implicit: 0, pageLoad: 300000, script: 30000}, unhandledPromptBehavior: dismiss and notify, webauthn:extension:credBlob: true, webauthn:extension:largeBlob: true, webauthn:virtualAuthenticators: true}
Session ID: 8e959ba14c996e3fb571ef8888ebdb6e
*** Element info: {Using=xpath, value=//div/p[(text()='Dropped!')]}
at java.base/jdk.internal.reflect.NativeConstructorAccessorImpl.newInstance0(Native Method)
at java.base/jdk.internal.reflect.NativeConstructorAccessorImpl.newInstance(NativeConstructorAccessorImpl.java:64)
at java.base/jdk.internal.reflect.DelegatingConstructorAccessorImpl.newInstance(DelegatingConstructorAccessorImpl.java:45)
at java.base/java.lang.reflect.Constructor.newInstanceWithCaller(Constructor.java:500)
at java.base/java.lang.reflect.Constructor.newInstance(Constructor.java:481)
at org.openqa.selenium.remote.http.W3CHttpResponseCodec.createException(W3CHttpResponseCodec.java:187)
at org.openqa.selenium.remote.http.W3CHttpResponseCodec.decode(W3CHttpResponseCodec.java:122)
at org.openqa.selenium.remote.http.W3CHttpResponseCodec.decode(W3CHttpResponseCodec.java:49)
at org.openqa.selenium.remote.HttpCommandExecutor.execute(HttpCommandExecutor.java:158)
at org.openqa.selenium.remote.service.DriverCommandExecutor.execute(DriverCommandExecutor.java:83)
at org.openqa.selenium.remote.RemoteWebDriver.execute(RemoteWebDriver.java:552)
at org.openqa.selenium.remote.RemoteWebDriver.findElement(RemoteWebDriver.java:323)
at org.openqa.selenium.remote.RemoteWebDriver.findElementByXPath(RemoteWebDriver.java:428)
at org.openqa.selenium.By$ByXPath.findElement(By.java:353)
at org.openqa.selenium.remote.RemoteWebDriver.findElement(RemoteWebDriver.java:315)
at com.jsp.tests.DragAndDropDemo.verifyDragAndDropDemo(DragAndDropDemo.java:35)
at java.base/jdk.internal.reflect.NativeMethodAccessorImpl.invoke0(Native Method)
at java.base/jdk.internal.reflect.NativeMethodAccessorImpl.invoke(NativeMethodAccessorImpl.java:64)
at java.base/jdk.internal.reflect.DelegatingMethodAccessorImpl.invoke(DelegatingMethodAccessorImpl.java:43)
at java.base/java.lang.reflect.Method.invoke(Method.java:564)
at org.testng.internal.MethodInvocationHelper.invokeMethod(MethodInvocationHelper.java:124)
at org.testng.internal.Invoker.invokeMethod(Invoker.java:583)
at org.testng.internal.Invoker.invokeTestMethod(Invoker.java:719)
at org.testng.internal.Invoker.invokeTestMethods(Invoker.java:989)
at org.testng.internal.TestMethodWorker.invokeTestMethods(TestMethodWorker.java:125)
at org.testng.internal.TestMethodWorker.run(TestMethodWorker.java:109)
at java.base/java.util.concurrent.ThreadPoolExecutor.runWorker(ThreadPoolExecutor.java:1130)
at java.base/java.util.concurrent.ThreadPoolExecutor$Worker.run(ThreadPoolExecutor.java:630)
at java.base/java.lang.Thread.run(Thread.java:832)
]]>
            </full-stacktrace>
          </exception> <!-- org.openqa.selenium.NoSuchElementException -->
          <reporter-output>
          </reporter-output>
        </test-method> <!-- verifyDragAndDropDemo -->
        <test-method is-config="true" signature="tearDown(org.testng.ITestResult)[pri:0, instance:com.jsp.tests.DragAndDropDemo@404bbcbd]" started-at="2022-06-25T19:02:38Z" name="tearDown" finished-at="2022-06-25T19:02:53Z" duration-ms="15002" status="PASS">
          <params>
            <param index="0">
              <value>
                <![CDATA[[TestResult name=verifyDragAndDropDemo status=FAILURE method=DragAndDropDemo.verifyDragAndDropDemo()[pri:0, instance:com.jsp.tests.DragAndDropDemo@404bbcbd] output={null}]]]>
              </value>
            </param>
          </params>
          <reporter-output>
          </reporter-output>
        </test-method> <!-- tearDown -->
      </class> <!-- com.jsp.tests.DragAndDropDemo -->
      <class name="com.jsp.tests.AshotTest2ElementSS">
        <test-method is-config="true" signature="setUp()[pri:0, instance:com.jsp.tests.AshotTest2ElementSS@6986852]" started-at="2022-06-25T18:58:32Z" name="setUp" finished-at="2022-06-25T18:58:59Z" duration-ms="27199" status="PASS">
          <reporter-output>
          </reporter-output>
        </test-method> <!-- setUp -->
        <test-method signature="ashotTest2()[pri:0, instance:com.jsp.tests.AshotTest2ElementSS@6986852]" started-at="2022-06-25T18:58:59Z" name="ashotTest2" finished-at="2022-06-25T18:59:41Z" duration-ms="41472" status="PASS">
          <reporter-output>
          </reporter-output>
        </test-method> <!-- ashotTest2 -->
        <test-method is-config="true" signature="tearDown(org.testng.ITestResult)[pri:0, instance:com.jsp.tests.AshotTest2ElementSS@6986852]" started-at="2022-06-25T18:59:41Z" name="tearDown" finished-at="2022-06-25T19:00:08Z" duration-ms="27058" status="PASS">
          <params>
            <param index="0">
              <value>
                <![CDATA[[TestResult name=ashotTest2 status=SUCCESS method=AshotTest2ElementSS.ashotTest2()[pri:0, instance:com.jsp.tests.AshotTest2ElementSS@6986852] output={null}]]]>
              </value>
            </param>
          </params>
          <reporter-output>
          </reporter-output>
        </test-method> <!-- tearDown -->
      </class> <!-- com.jsp.tests.AshotTest2ElementSS -->
    </test> <!-- Test -->
  </suite> <!-- Suite -->
</testng-results>
